[2026-06-12 00:41:03] Starting git sync...
[main 6a87bd0] Auto sync: 2026-06-12 00:41:03
 3 files changed, 25 insertions(+)
 create mode 100644 git_sync.log
 create mode 100755 git_sync.sh
To github.com:SCrsqy/trae-cn-full-sync.git
   df15a3c..6a87bd0  main -> main
[2026-06-12 00:41:07] Sync successful

[2026-06-12 01:00:29] Starting git sync...
[main 5c8385c] Auto sync: 2026-06-12 01:00:29
 1 file changed, 9 insertions(+)
To github.com:SCrsqy/trae-cn-full-sync.git
   6a87bd0..5c8385c  main -> main
[2026-06-12 01:00:33] Sync successful

[2026-06-12 13:29:47] Starting git sync...
[main 1444ec7] Auto sync: 2026-06-12 13:29:48
 599 files changed, 214818 insertions(+)
 create mode 100644 "\345\210\206\346\236\220\351\242\204\346\265\213\346\216\250\350\215\220/.gitignore"
 create mode 100644 "\345\210\206\346\236\220\351\242\204\346\265\213\346\216\250\350\215\220/.trae/documents/PRD.md"
 create mode 100644 "\345\210\206\346\236\220\351\242\204\346\265\213\346\216\250\350\215\220/.trae/documents/\346\212\200\346\234\257\346\236\266\346\236\204\346\226\207\346\241\243.md"
 create mode 100644 "\345\210\206\346\236\220\351\242\204\346\265\213\346\216\250\350\215\220/.venv/bin/Activate.ps1"
 create mode 100644 "\345\210\206\346\236\220\351\242\204\346\265\213\346\216\250\350\215\220/.venv/bin/activate"
 create mode 100644 "\345\210\206\346\236\220\351\242\204\346\265\213\346\216\250\350\215\220/.venv/bin/activate.csh"
 create mode 100644 "\345\210\206\346\236\220\351\242\204\346\265\213\346\216\250\350\215\220/.venv/bin/activate.fish"
 create mode 100755 "\345\210\206\346\236\220\351\242\204\346\265\213\346\216\250\350\215\220/.venv/bin/pip"
 create mode 100755 "\345\210\206\346\236\220\351\242\204\346\265\213\346\216\250\350\215\220/.venv/bin/pip3"
 create mode 100755 "\345\210\206\346\236\220\351\242\204\346\265\213\346\216\250\350\215\220/.venv/bin/pip3.9"
 create mode 120000 "\345\210\206\346\236\220\351\242\204\346\265\213\346\216\250\350\215\220/.venv/bin/python"
 create mode 120000 "\345\210\206\346\236\220\351\242\204\346\265\213\346\216\250\350\215\220/.venv/bin/python3"
 create mode 120000 "\345\210\206\346\236\220\351\242\204\346\265\213\346\216\250\350\215\220/.venv/bin/python3.9"
 create mode 100644 "\345\210\206\346\236\220\351\242\204\346\265\213\346\216\250\350\215\220/.venv/lib/python3.9/site-packages/_distutils_hack/__init__.py"
 create mode 100644 "\345\210\206\346\236\220\351\242\204\346\265\213\346\216\250\350\215\220/.venv/lib/python3.9/site-packages/_distutils_hack/override.py"
 create mode 100644 "\345\210\206\346\236\220\351\242\204\346\265\213\346\216\250\350\215\220/.venv/lib/python3.9/site-packages/distutils-precedence.pth"
 create mode 100644 "\345\210\206\346\236\220\351\242\204\346\265\213\346\216\250\350\215\220/.venv/lib/python3.9/site-packages/pip-21.2.4.dist-info/INSTALLER"
 create mode 100644 "\345\210\206\346\236\220\351\242\204\346\265\213\346\216\250\350\215\220/.venv/lib/python3.9/site-packages/pip-21.2.4.dist-info/LICENSE.txt"
 create mode 100644 "\345\210\206\346\236\220\351\242\204\346\265\213\346\216\250\350\215\220/.venv/lib/python3.9/site-packages/pip-21.2.4.dist-info/METADATA"
 create mode 100644 "\345\210\206\346\236\220\351\242\204\346\265\213\346\216\250\350\215\220/.venv/lib/python3.9/site-packages/pip-21.2.4.dist-info/RECORD"
 create mode 100644 "\345\210\206\346\236\220\351\242\204\346\265\213\346\216\250\350\215\220/.venv/lib/python3.9/site-packages/pip-21.2.4.dist-info/REQUESTED"
 create mode 100644 "\345\210\206\346\236\220\351\242\204\346\265\213\346\216\250\350\215\220/.venv/lib/python3.9/site-packages/pip-21.2.4.dist-info/WHEEL"
 create mode 100644 "\345\210\206\346\236\220\351\242\204\346\265\213\346\216\250\350\215\220/.venv/lib/python3.9/site-packages/pip-21.2.4.dist-info/entry_points.txt"
 create mode 100644 "\345\210\206\346\236\220\351\242\204\346\265\213\346\216\250\350\215\220/.venv/lib/python3.9/site-packages/pip-21.2.4.dist-info/top_level.txt"
 create mode 100644 "\345\210\206\346\236\220\351\242\204\346\265\213\346\216\250\350\215\220/.venv/lib/python3.9/site-packages/pip/__init__.py"
 create mode 100644 "\345\210\206\346\236\220\351\242\204\346\265\213\346\216\250\350\215\220/.venv/lib/python3.9/site-packages/pip/__main__.py"
 create mode 100644 "\345\210\206\346\236\220\351\242\204\346\265\213\346\216\250\350\215\220/.venv/lib/python3.9/site-packages/pip/_internal/__init__.py"
 create mode 100644 "\345\210\206\346\236\220\351\242\204\346\265\213\346\216\250\350\215\220/.venv/lib/python3.9/site-packages/pip/_internal/build_env.py"
 create mode 100644 "\345\210\206\346\236\220\351\242\204\346\265\213\346\216\250\350\215\220/.venv/lib/python3.9/site-packages/pip/_internal/cache.py"
 create mode 100644 "\345\210\206\346\236\220\351\242\204\346\265\213\346\216\250\350\215\220/.venv/lib/python3.9/site-packages/pip/_internal/cli/__init__.py"
 create mode 100644 "\345\210\206\346\236\220\351\242\204\346\265\213\346\216\250\350\215\220/.venv/lib/python3.9/site-packages/pip/_internal/cli/autocompletion.py"
 create mode 100644 "\345\210\206\346\236\220\351\242\204\346\265\213\346\216\250\350\215\220/.venv/lib/python3.9/site-packages/pip/_internal/cli/base_command.py"
 create mode 100644 "\345\210\206\346\236\220\351\242\204\346\265\213\346\216\250\350\215\220/.venv/lib/python3.9/site-packages/pip/_internal/cli/cmdoptions.py"
 create mode 100644 "\345\210\206\346\236\220\351\242\204\346\265\213\346\216\250\350\215\220/.venv/lib/python3.9/site-packages/pip/_internal/cli/command_context.py"
 create mode 100644 "\345\210\206\346\236\220\351\242\204\346\265\213\346\216\250\350\215\220/.venv/lib/python3.9/site-packages/pip/_internal/cli/main.py"
 create mode 100644 "\345\210\206\346\236\220\351\242\204\346\265\213\346\216\250\350\215\220/.venv/lib/python3.9/site-packages/pip/_internal/cli/main_parser.py"
 create mode 100644 "\345\210\206\346\236\220\351\242\204\346\265\213\346\216\250\350\215\220/.venv/lib/python3.9/site-packages/pip/_internal/cli/parser.py"
 create mode 100644 "\345\210\206\346\236\220\351\242\204\346\265\213\346\216\250\350\215\220/.venv/lib/python3.9/site-packages/pip/_internal/cli/progress_bars.py"
 create mode 100644 "\345\210\206\346\236\220\351\242\204\346\265\213\346\216\250\350\215\220/.venv/lib/python3.9/site-packages/pip/_internal/cli/req_command.py"
 create mode 100644 "\345\210\206\346\236\220\351\242\204\346\265\213\346\216\250\350\215\220/.venv/lib/python3.9/site-packages/pip/_internal/cli/spinners.py"
 create mode 100644 "\345\210\206\346\236\220\351\242\204\346\265\213\346\216\250\350\215\220/.venv/lib/python3.9/site-packages/pip/_internal/cli/status_codes.py"
 create mode 100644 "\345\210\206\346\236\220\351\242\204\346\265\213\346\216\250\350\215\220/.venv/lib/python3.9/site-packages/pip/_internal/commands/__init__.py"
 create mode 100644 "\345\210\206\346\236\220\351\242\204\346\265\213\346\216\250\350\215\220/.venv/lib/python3.9/site-packages/pip/_internal/commands/cache.py"
 create mode 100644 "\345\210\206\346\236\220\351\242\204\346\265\213\346\216\250\350\215\220/.venv/lib/python3.9/site-packages/pip/_internal/commands/check.py"
 create mode 100644 "\345\210\206\346\236\220\351\242\204\346\265\213\346\216\250\350\215\220/.venv/lib/python3.9/site-packages/pip/_internal/commands/completion.py"
 create mode 100644 "\345\210\206\346\236\220\351\242\204\346\265\213\346\216\250\350\215\220/.venv/lib/python3.9/site-packages/pip/_internal/commands/configuration.py"
 create mode 100644 "\345\210\206\346\236\220\351\242\204\346\265\213\346\216\250\350\215\220/.venv/lib/python3.9/site-packages/pip/_internal/commands/debug.py"
 create mode 100644 "\345\210\206\346\236\220\351\242\204\346\265\213\346\216\250\350\215\220/.venv/lib/python3.9/site-packages/pip/_internal/commands/download.py"
 create mode 100644 "\345\210\206\346\236\220\351\242\204\346\265\213\346\216\250\350\215\220/.venv/lib/python3.9/site-packages/pip/_internal/commands/freeze.py"
 create mode 100644 "\345\210\206\346\236\220\351\242\204\346\265\213\346\216\250\350\215\220/.venv/lib/python3.9/site-packages/pip/_internal/commands/hash.py"
 create mode 100644 "\345\210\206\346\236\220\351\242\204\346\265\213\346\216\250\350\215\220/.venv/lib/python3.9/site-packages/pip/_internal/commands/help.py"
 create mode 100644 "\345\210\206\346\236\220\351\242\204\346\265\213\346\216\250\350\215\220/.venv/lib/python3.9/site-packages/pip/_internal/commands/index.py"
 create mode 100644 "\345\210\206\346\236\220\351\242\204\346\265\213\346\216\250\350\215\220/.venv/lib/python3.9/site-packages/pip/_internal/commands/install.py"
 create mode 100644 "\345\210\206\346\236\220\351\242\204\346\265\213\346\216\250\350\215\220/.venv/lib/python3.9/site-packages/pip/_internal/commands/list.py"
 create mode 100644 "\345\210\206\346\236\220\351\242\204\346\265\213\346\216\250\350\215\220/.venv/lib/python3.9/site-packages/pip/_internal/commands/search.py"
 create mode 100644 "\345\210\206\346\236\220\351\242\204\346\265\213\346\216\250\350\215\220/.venv/lib/python3.9/site-packages/pip/_internal/commands/show.py"
 create mode 100644 "\345\210\206\346\236\220\351\242\204\346\265\213\346\216\250\350\215\220/.venv/lib/python3.9/site-packages/pip/_internal/commands/uninstall.py"
 create mode 100644 "\345\210\206\346\236\220\351\242\204\346\265\213\346\216\250\350\215\220/.venv/lib/python3.9/site-packages/pip/_internal/commands/wheel.py"
 create mode 100644 "\345\210\206\346\236\220\351\242\204\346\265\213\346\216\250\350\215\220/.venv/lib/python3.9/site-packages/pip/_internal/configuration.py"
 create mode 100644 "\345\210\206\346\236\220\351\242\204\346\265\213\346\216\250\350\215\220/.venv/lib/python3.9/site-packages/pip/_internal/distributions/__init__.py"
 create mode 100644 "\345\210\206\346\236\220\351\242\204\346\265\213\346\216\250\350\215\220/.venv/lib/python3.9/site-packages/pip/_internal/distributions/base.py"
 create mode 100644 "\345\210\206\346\236\220\351\242\204\346\265\213\346\216\250\350\215\220/.venv/lib/python3.9/site-packages/pip/_internal/distributions/installed.py"
 create mode 100644 "\345\210\206\346\236\220\351\242\204\346\265\213\346\216\250\350\215\220/.venv/lib/python3.9/site-packages/pip/_internal/distributions/sdist.py"
 create mode 100644 "\345\210\206\346\236\220\351\242\204\346\265\213\346\216\250\350\215\220/.venv/lib/python3.9/site-packages/pip/_internal/distributions/wheel.py"
 create mode 100644 "\345\210\206\346\236\220\351\242\204\346\265\213\346\216\250\350\215\220/.venv/lib/python3.9/site-packages/pip/_internal/exceptions.py"
 create mode 100644 "\345\210\206\346\236\220\351\242\204\346\265\213\346\216\250\350\215\220/.venv/lib/python3.9/site-packages/pip/_internal/index/__init__.py"
 create mode 100644 "\345\210\206\346\236\220\351\242\204\346\265\213\346\216\250\350\215\220/.venv/lib/python3.9/site-packages/pip/_internal/index/collector.py"
 create mode 100644 "\345\210\206\346\236\220\351\242\204\346\265\213\346\216\250\350\215\220/.venv/lib/python3.9/site-packages/pip/_internal/index/package_finder.py"
 create mode 100644 "\345\210\206\346\236\220\351\242\204\346\265\213\346\216\250\350\215\220/.venv/lib/python3.9/site-packages/pip/_internal/index/sources.py"
 create mode 100644 "\345\210\206\346\236\220\351\242\204\346\265\213\346\216\250\350\215\220/.venv/lib/python3.9/site-packages/pip/_internal/locations/__init__.py"
 create mode 100644 "\345\210\206\346\236\220\351\242\204\346\265\213\346\216\250\350\215\220/.venv/lib/python3.9/site-packages/pip/_internal/locations/_distutils.py"
 create mode 100644 "\345\210\206\346\236\220\351\242\204\346\265\213\346\216\250\350\215\220/.venv/lib/python3.9/site-packages/pip/_internal/locations/_sysconfig.py"
 create mode 100644 "\345\210\206\346\236\220\351\242\204\346\265\213\346\216\250\350\215\220/.venv/lib/python3.9/site-packages/pip/_internal/locations/base.py"
 create mode 100644 "\345\210\206\346\236\220\351\242\204\346\265\213\346\216\250\350\215\220/.venv/lib/python3.9/site-packages/pip/_internal/main.py"
 create mode 100644 "\345\210\206\346\236\220\351\242\204\346\265\213\346\216\250\350\215\220/.venv/lib/python3.9/site-packages/pip/_internal/metadata/__init__.py"
 create mode 100644 "\345\210\206\346\236\220\351\242\204\346\265\213\346\216\250\350\215\220/.venv/lib/python3.9/site-packages/pip/_internal/metadata/base.py"
 create mode 100644 "\345\210\206\346\236\220\351\242\204\346\265\213\346\216\250\350\215\220/.venv/lib/python3.9/site-packages/pip/_internal/metadata/pkg_resources.py"
 create mode 100644 "\345\210\206\346\236\220\351\242\204\346\265\213\346\216\250\350\215\220/.venv/lib/python3.9/site-packages/pip/_internal/models/__init__.py"
 create mode 100644 "\345\210\206\346\236\220\351\242\204\346\265\213\346\216\250\350\215\220/.venv/lib/python3.9/site-packages/pip/_internal/models/candidate.py"
 create mode 100644 "\345\210\206\346\236\220\351\242\204\346\265\213\346\216\250\350\215\220/.venv/lib/python3.9/site-packages/pip/_internal/models/direct_url.py"
 create mode 100644 "\345\210\206\346\236\220\351\242\204\346\265\213\346\216\250\350\215\220/.venv/lib/python3.9/site-packages/pip/_internal/models/format_control.py"
 create mode 100644 "\345\210\206\346\236\220\351\242\204\346\265\213\346\216\250\350\215\220/.venv/lib/python3.9/site-packages/pip/_internal/models/index.py"
 create mode 100644 "\345\210\206\346\236\220\351\242\204\346\265\213\346\216\250\350\215\220/.venv/lib/python3.9/site-packages/pip/_internal/models/link.py"
 create mode 100644 "\345\210\206\346\236\220\351\242\204\346\265\213\346\216\250\350\215\220/.venv/lib/python3.9/site-packages/pip/_internal/models/scheme.py"
 create mode 100644 "\345\210\206\346\236\220\351\242\204\346\265\213\346\216\250\350\215\220/.venv/lib/python3.9/site-packages/pip/_internal/models/search_scope.py"
 create mode 100644 "\345\210\206\346\236\220\351\242\204\346\265\213\346\216\250\350\215\220/.venv/lib/python3.9/site-packages/pip/_internal/models/selection_prefs.py"
 create mode 100644 "\345\210\206\346\236\220\351\242\204\346\265\213\346\216\250\350\215\220/.venv/lib/python3.9/site-packages/pip/_internal/models/target_python.py"
 create mode 100644 "\345\210\206\346\236\220\351\242\204\346\265\213\346\216\250\350\215\220/.venv/lib/python3.9/site-packages/pip/_internal/models/wheel.py"
 create mode 100644 "\345\210\206\346\236\220\351\242\204\346\265\213\346\216\250\350\215\220/.venv/lib/python3.9/site-packages/pip/_internal/network/__init__.py"
 create mode 100644 "\345\210\206\346\236\220\351\242\204\346\265\213\346\216\250\350\215\220/.venv/lib/python3.9/site-packages/pip/_internal/network/auth.py"
 create mode 100644 "\345\210\206\346\236\220\351\242\204\346\265\213\346\216\250\350\215\220/.venv/lib/python3.9/site-packages/pip/_internal/network/cache.py"
 create mode 100644 "\345\210\206\346\236\220\351\242\204\346\265\213\346\216\250\350\215\220/.venv/lib/python3.9/site-packages/pip/_internal/network/download.py"
 create mode 100644 "\345\210\206\346\236\220\351\242\204\346\265\213\346\216\250\350\215\220/.venv/lib/python3.9/site-packages/pip/_internal/network/lazy_wheel.py"
 create mode 100644 "\345\210\206\346\236\220\351\242\204\346\265\213\346\216\250\350\215\220/.venv/lib/python3.9/site-packages/pip/_internal/network/session.py"
 create mode 100644 "\345\210\206\346\236\220\351\242\204\346\265\213\346\216\250\350\215\220/.venv/lib/python3.9/site-packages/pip/_internal/network/utils.py"
 create mode 100644 "\345\210\206\346\236\220\351\242\204\346\265\213\346\216\250\350\215\220/.venv/lib/python3.9/site-packages/pip/_internal/network/xmlrpc.py"
 create mode 100644 "\345\210\206\346\236\220\351\242\204\346\265\213\346\216\250\350\215\220/.venv/lib/python3.9/site-packages/pip/_internal/operations/__init__.py"
 create mode 100644 "\345\210\206\346\236\220\351\242\204\346\265\213\346\216\250\350\215\220/.venv/lib/python3.9/site-packages/pip/_internal/operations/build/__init__.py"
 create mode 100644 "\345\210\206\346\236\220\351\242\204\346\265\213\346\216\250\350\215\220/.venv/lib/python3.9/site-packages/pip/_internal/operations/build/metadata.py"
 create mode 100644 "\345\210\206\346\236\220\351\242\204\346\265\213\346\216\250\350\215\220/.venv/lib/python3.9/site-packages/pip/_internal/operations/build/metadata_legacy.py"
 create mode 100644 "\345\210\206\346\236\220\351\242\204\346\265\213\346\216\250\350\215\220/.venv/lib/python3.9/site-packages/pip/_internal/operations/build/wheel.py"
 create mode 100644 "\345\210\206\346\236\220\351\242\204\346\265\213\346\216\250\350\215\220/.venv/lib/python3.9/site-packages/pip/_internal/operations/build/wheel_legacy.py"
 create mode 100644 "\345\210\206\346\236\220\351\242\204\346\265\213\346\216\250\350\215\220/.venv/lib/python3.9/site-packages/pip/_internal/operations/check.py"
 create mode 100644 "\345\210\206\346\236\220\351\242\204\346\265\213\346\216\250\350\215\220/.venv/lib/python3.9/site-packages/pip/_internal/operations/freeze.py"
 create mode 100644 "\345\210\206\346\236\220\351\242\204\346\265\213\346\216\250\350\215\220/.venv/lib/python3.9/site-packages/pip/_internal/operations/install/__init__.py"
 create mode 100644 "\345\210\206\346\236\220\351\242\204\346\265\213\346\216\250\350\215\220/.venv/lib/python3.9/site-packages/pip/_internal/operations/install/editable_legacy.py"
 create mode 100644 "\345\210\206\346\236\220\351\242\204\346\265\213\346\216\250\350\215\220/.venv/lib/python3.9/site-packages/pip/_internal/operations/install/legacy.py"
 create mode 100644 "\345\210\206\346\236\220\351\242\204\346\265\213\346\216\250\350\215\220/.venv/lib/python3.9/site-packages/pip/_internal/operations/install/wheel.py"
 create mode 100644 "\345\210\206\346\236\220\351\242\204\346\265\213\346\216\250\350\215\220/.venv/lib/python3.9/site-packages/pip/_internal/operations/prepare.py"
 create mode 100644 "\345\210\206\346\236\220\351\242\204\346\265\213\346\216\250\350\215\220/.venv/lib/python3.9/site-packages/pip/_internal/pyproject.py"
 create mode 100644 "\345\210\206\346\236\220\351\242\204\346\265\213\346\216\250\350\215\220/.venv/lib/python3.9/site-packages/pip/_internal/req/__init__.py"
 create mode 100644 "\345\210\206\346\236\220\351\242\204\346\265\213\346\216\250\350\215\220/.venv/lib/python3.9/site-packages/pip/_internal/req/constructors.py"
 create mode 100644 "\345\210\206\346\236\220\351\242\204\346\265\213\346\216\250\350\215\220/.venv/lib/python3.9/site-packages/pip/_internal/req/req_file.py"
 create mode 100644 "\345\210\206\346\236\220\351\242\204\346\265\213\346\216\250\350\215\220/.venv/lib/python3.9/site-packages/pip/_internal/req/req_install.py"
 create mode 100644 "\345\210\206\346\236\220\351\242\204\346\265\213\346\216\250\350\215\220/.venv/lib/python3.9/site-packages/pip/_internal/req/req_set.py"
 create mode 100644 "\345\210\206\346\236\220\351\242\204\346\265\213\346\216\250\350\215\220/.venv/lib/python3.9/site-packages/pip/_internal/req/req_tracker.py"
 create mode 100644 "\345\210\206\346\236\220\351\242\204\346\265\213\346\216\250\350\215\220/.venv/lib/python3.9/site-packages/pip/_internal/req/req_uninstall.py"
 create mode 100644 "\345\210\206\346\236\220\351\242\204\346\265\213\346\216\250\350\215\220/.venv/lib/python3.9/site-packages/pip/_internal/resolution/__init__.py"
 create mode 100644 "\345\210\206\346\236\220\351\242\204\346\265\213\346\216\250\350\215\220/.venv/lib/python3.9/site-packages/pip/_internal/resolution/base.py"
 create mode 100644 "\345\210\206\346\236\220\351\242\204\346\265\213\346\216\250\350\215\220/.venv/lib/python3.9/site-packages/pip/_internal/resolution/legacy/__init__.py"
 create mode 100644 "\345\210\206\346\236\220\351\242\204\346\265\213\346\216\250\350\215\220/.venv/lib/python3.9/site-packages/pip/_internal/resolution/legacy/resolver.py"
 create mode 100644 "\345\210\206\346\236\220\351\242\204\346\265\213\346\216\250\350\215\220/.venv/lib/python3.9/site-packages/pip/_internal/resolution/resolvelib/__init__.py"
 create mode 100644 "\345\210\206\346\236\220\351\242\204\346\265\213\346\216\250\350\215\220/.venv/lib/python3.9/site-packages/pip/_internal/resolution/resolvelib/base.py"
 create mode 100644 "\345\210\206\346\236\220\351\242\204\346\265\213\346\216\250\350\215\220/.venv/lib/python3.9/site-packages/pip/_internal/resolution/resolvelib/candidates.py"
 create mode 100644 "\345\210\206\346\236\220\351\242\204\346\265\213\346\216\250\350\215\220/.venv/lib/python3.9/site-packages/pip/_internal/resolution/resolvelib/factory.py"
 create mode 100644 "\345\210\206\346\236\220\351\242\204\346\265\213\346\216\250\350\215\220/.venv/lib/python3.9/site-packages/pip/_internal/resolution/resolvelib/found_candidates.py"
 create mode 100644 "\345\210\206\346\236\220\351\242\204\346\265\213\346\216\250\350\215\220/.venv/lib/python3.9/site-packages/pip/_internal/resolution/resolvelib/provider.py"
 create mode 100644 "\345\210\206\346\236\220\351\242\204\346\265\213\346\216\250\350\215\220/.venv/lib/python3.9/site-packages/pip/_internal/resolution/resolvelib/reporter.py"
 create mode 100644 "\345\210\206\346\236\220\351\242\204\346\265\213\346\216\250\350\215\220/.venv/lib/python3.9/site-packages/pip/_internal/resolution/resolvelib/requirements.py"
 create mode 100644 "\345\210\206\346\236\220\351\242\204\346\265\213\346\216\250\350\215\220/.venv/lib/python3.9/site-packages/pip/_internal/resolution/resolvelib/resolver.py"
 create mode 100644 "\345\210\206\346\236\220\351\242\204\346\265\213\346\216\250\350\215\220/.venv/lib/python3.9/site-packages/pip/_internal/self_outdated_check.py"
 create mode 100644 "\345\210\206\346\236\220\351\242\204\346\265\213\346\216\250\350\215\220/.venv/lib/python3.9/site-packages/pip/_internal/utils/__init__.py"
 create mode 100644 "\345\210\206\346\236\220\351\242\204\346\265\213\346\216\250\350\215\220/.venv/lib/python3.9/site-packages/pip/_internal/utils/_log.py"
 create mode 100644 "\345\210\206\346\236\220\351\242\204\346\265\213\346\216\250\350\215\220/.venv/lib/python3.9/site-packages/pip/_internal/utils/appdirs.py"
 create mode 100644 "\345\210\206\346\236\220\351\242\204\346\265\213\346\216\250\350\215\220/.venv/lib/python3.9/site-packages/pip/_internal/utils/compat.py"
 create mode 100644 "\345\210\206\346\236\220\351\242\204\346\265\213\346\216\250\350\215\220/.venv/lib/python3.9/site-packages/pip/_internal/utils/compatibility_tags.py"
 create mode 100644 "\345\210\206\346\236\220\351\242\204\346\265\213\346\216\250\350\215\220/.venv/lib/python3.9/site-packages/pip/_internal/utils/datetime.py"
 create mode 100644 "\345\210\206\346\236\220\351\242\204\346\265\213\346\216\250\350\215\220/.venv/lib/python3.9/site-packages/pip/_internal/utils/deprecation.py"
 create mode 100644 "\345\210\206\346\236\220\351\242\204\346\265\213\346\216\250\350\215\220/.venv/lib/python3.9/site-packages/pip/_internal/utils/direct_url_helpers.py"
 create mode 100644 "\345\210\206\346\236\220\351\242\204\346\265\213\346\216\250\350\215\220/.venv/lib/python3.9/site-packages/pip/_internal/utils/distutils_args.py"
 create mode 100644 "\345\210\206\346\236\220\351\242\204\346\265\213\346\216\250\350\215\220/.venv/lib/python3.9/site-packages/pip/_internal/utils/encoding.py"
 create mode 100644 "\345\210\206\346\236\220\351\242\204\346\265\213\346\216\250\350\215\220/.venv/lib/python3.9/site-packages/pip/_internal/utils/entrypoints.py"
 create mode 100644 "\345\210\206\346\236\220\351\242\204\346\265\213\346\216\250\350\215\220/.venv/lib/python3.9/site-packages/pip/_internal/utils/filesystem.py"
 create mode 100644 "\345\210\206\346\236\220\351\242\204\346\265\213\346\216\250\350\215\220/.venv/lib/python3.9/site-packages/pip/_internal/utils/filetypes.py"
 create mode 100644 "\345\210\206\346\236\220\351\242\204\346\265\213\346\216\250\350\215\220/.venv/lib/python3.9/site-packages/pip/_internal/utils/glibc.py"
 create mode 100644 "\345\210\206\346\236\220\351\242\204\346\265\213\346\216\250\350\215\220/.venv/lib/python3.9/site-packages/pip/_internal/utils/hashes.py"
 create mode 100644 "\345\210\206\346\236\220\351\242\204\346\265\213\346\216\250\350\215\220/.venv/lib/python3.9/site-packages/pip/_internal/utils/inject_securetransport.py"
 create mode 100644 "\345\210\206\346\236\220\351\242\204\346\265\213\346\216\250\350\215\220/.venv/lib/python3.9/site-packages/pip/_internal/utils/logging.py"
 create mode 100644 "\345\210\206\346\236\220\351\242\204\346\265\213\346\216\250\350\215\220/.venv/lib/python3.9/site-packages/pip/_internal/utils/misc.py"
 create mode 100644 "\345\210\206\346\236\220\351\242\204\346\265\213\346\216\250\350\215\220/.venv/lib/python3.9/site-packages/pip/_internal/utils/models.py"
 create mode 100644 "\345\210\206\346\236\220\351\242\204\346\265\213\346\216\250\350\215\220/.venv/lib/python3.9/site-packages/pip/_internal/utils/packaging.py"
 create mode 100644 "\345\210\206\346\236\220\351\242\204\346\265\213\346\216\250\350\215\220/.venv/lib/python3.9/site-packages/pip/_internal/utils/parallel.py"
 create mode 100644 "\345\210\206\346\236\220\351\242\204\346\265\213\346\216\250\350\215\220/.venv/lib/python3.9/site-packages/pip/_internal/utils/pkg_resources.py"
 create mode 100644 "\345\210\206\346\236\220\351\242\204\346\265\213\346\216\250\350\215\220/.venv/lib/python3.9/site-packages/pip/_internal/utils/setuptools_build.py"
 create mode 100644 "\345\210\206\346\236\220\351\242\204\346\265\213\346\216\250\350\215\220/.venv/lib/python3.9/site-packages/pip/_internal/utils/subprocess.py"
 create mode 100644 "\345\210\206\346\236\220\351\242\204\346\265\213\346\216\250\350\215\220/.venv/lib/python3.9/site-packages/pip/_internal/utils/temp_dir.py"
 create mode 100644 "\345\210\206\346\236\220\351\242\204\346\265\213\346\216\250\350\215\220/.venv/lib/python3.9/site-packages/pip/_internal/utils/unpacking.py"
 create mode 100644 "\345\210\206\346\236\220\351\242\204\346\265\213\346\216\250\350\215\220/.venv/lib/python3.9/site-packages/pip/_internal/utils/urls.py"
 create mode 100644 "\345\210\206\346\236\220\351\242\204\346\265\213\346\216\250\350\215\220/.venv/lib/python3.9/site-packages/pip/_internal/utils/virtualenv.py"
 create mode 100644 "\345\210\206\346\236\220\351\242\204\346\265\213\346\216\250\350\215\220/.venv/lib/python3.9/site-packages/pip/_internal/utils/wheel.py"
 create mode 100644 "\345\210\206\346\236\220\351\242\204\346\265\213\346\216\250\350\215\220/.venv/lib/python3.9/site-packages/pip/_internal/vcs/__init__.py"
 create mode 100644 "\345\210\206\346\236\220\351\242\204\346\265\213\346\216\250\350\215\220/.venv/lib/python3.9/site-packages/pip/_internal/vcs/bazaar.py"
 create mode 100644 "\345\210\206\346\236\220\351\242\204\346\265\213\346\216\250\350\215\220/.venv/lib/python3.9/site-packages/pip/_internal/vcs/git.py"
 create mode 100644 "\345\210\206\346\236\220\351\242\204\346\265\213\346\216\250\350\215\220/.venv/lib/python3.9/site-packages/pip/_internal/vcs/mercurial.py"
 create mode 100644 "\345\210\206\346\236\220\351\242\204\346\265\213\346\216\250\350\215\220/.venv/lib/python3.9/site-packages/pip/_internal/vcs/subversion.py"
 create mode 100644 "\345\210\206\346\236\220\351\242\204\346\265\213\346\216\250\350\215\220/.venv/lib/python3.9/site-packages/pip/_internal/vcs/versioncontrol.py"
 create mode 100644 "\345\210\206\346\236\220\351\242\204\346\265\213\346\216\250\350\215\220/.venv/lib/python3.9/site-packages/pip/_internal/wheel_builder.py"
 create mode 100644 "\345\210\206\346\236\220\351\242\204\346\265\213\346\216\250\350\215\220/.venv/lib/python3.9/site-packages/pip/_vendor/__init__.py"
 create mode 100644 "\345\210\206\346\236\220\351\242\204\346\265\213\346\216\250\350\215\220/.venv/lib/python3.9/site-packages/pip/_vendor/appdirs.py"
 create mode 100644 "\345\210\206\346\236\220\351\242\204\346\265\213\346\216\250\350\215\220/.venv/lib/python3.9/site-packages/pip/_vendor/cachecontrol/__init__.py"
 create mode 100644 "\345\210\206\346\236\220\351\242\204\346\265\213\346\216\250\350\215\220/.venv/lib/python3.9/site-packages/pip/_vendor/cachecontrol/_cmd.py"
 create mode 100644 "\345\210\206\346\236\220\351\242\204\346\265\213\346\216\250\350\215\220/.venv/lib/python3.9/site-packages/pip/_vendor/cachecontrol/adapter.py"
 create mode 100644 "\345\210\206\346\236\220\351\242\204\346\265\213\346\216\250\350\215\220/.venv/lib/python3.9/site-packages/pip/_vendor/cachecontrol/cache.py"
 create mode 100644 "\345\210\206\346\236\220\351\242\204\346\265\213\346\216\250\350\215\220/.venv/lib/python3.9/site-packages/pip/_vendor/cachecontrol/caches/__init__.py"
 create mode 100644 "\345\210\206\346\236\220\351\242\204\346\265\213\346\216\250\350\215\220/.venv/lib/python3.9/site-packages/pip/_vendor/cachecontrol/caches/file_cache.py"
 create mode 100644 "\345\210\206\346\236\220\351\242\204\346\265\213\346\216\250\350\215\220/.venv/lib/python3.9/site-packages/pip/_vendor/cachecontrol/caches/redis_cache.py"
 create mode 100644 "\345\210\206\346\236\220\351\242\204\346\265\213\346\216\250\350\215\220/.venv/lib/python3.9/site-packages/pip/_vendor/cachecontrol/compat.py"
 create mode 100644 "\345\210\206\346\236\220\351\242\204\346\265\213\346\216\250\350\215\220/.venv/lib/python3.9/site-packages/pip/_vendor/cachecontrol/controller.py"
 create mode 100644 "\345\210\206\346\236\220\351\242\204\346\265\213\346\216\250\350\215\220/.venv/lib/python3.9/site-packages/pip/_vendor/cachecontrol/filewrapper.py"
 create mode 100644 "\345\210\206\346\236\220\351\242\204\346\265\213\346\216\250\350\215\220/.venv/lib/python3.9/site-packages/pip/_vendor/cachecontrol/heuristics.py"
 create mode 100644 "\345\210\206\346\236\220\351\242\204\346\265\213\346\216\250\350\215\220/.venv/lib/python3.9/site-packages/pip/_vendor/cachecontrol/serialize.py"
 create mode 100644 "\345\210\206\346\236\220\351\242\204\346\265\213\346\216\250\350\215\220/.venv/lib/python3.9/site-packages/pip/_vendor/cachecontrol/wrapper.py"
 create mode 100644 "\345\210\206\346\236\220\351\242\204\346\265\213\346\216\250\350\215\220/.venv/lib/python3.9/site-packages/pip/_vendor/certifi/__init__.py"
 create mode 100644 "\345\210\206\346\236\220\351\242\204\346\265\213\346\216\250\350\215\220/.venv/lib/python3.9/site-packages/pip/_vendor/certifi/__main__.py"
 create mode 100644 "\345\210\206\346\236\220\351\242\204\346\265\213\346\216\250\350\215\220/.venv/lib/python3.9/site-packages/pip/_vendor/certifi/cacert.pem"
 create mode 100644 "\345\210\206\346\236\220\351\242\204\346\265\213\346\216\250\350\215\220/.venv/lib/python3.9/site-packages/pip/_vendor/certifi/core.py"
 create mode 100644 "\345\210\206\346\236\220\351\242\204\346\265\213\346\216\250\350\215\220/.venv/lib/python3.9/site-packages/pip/_vendor/chardet/__init__.py"
 create mode 100644 "\345\210\206\346\236\220\351\242\204\346\265\213\346\216\250\350\215\220/.venv/lib/python3.9/site-packages/pip/_vendor/chardet/big5freq.py"
 create mode 100644 "\345\210\206\346\236\220\351\242\204\346\265\213\346\216\250\350\215\220/.venv/lib/python3.9/site-packages/pip/_vendor/chardet/big5prober.py"
 create mode 100644 "\345\210\206\346\236\220\351\242\204\346\265\213\346\216\250\350\215\220/.venv/lib/python3.9/site-packages/pip/_vendor/chardet/chardistribution.py"
 create mode 100644 "\345\210\206\346\236\220\351\242\204\346\265\213\346\216\250\350\215\220/.venv/lib/python3.9/site-packages/pip/_vendor/chardet/charsetgroupprober.py"
 create mode 100644 "\345\210\206\346\236\220\351\242\204\346\265\213\346\216\250\350\215\220/.venv/lib/python3.9/site-packages/pip/_vendor/chardet/charsetprober.py"
 create mode 100644 "\345\210\206\346\236\220\351\242\204\346\265\213\346\216\250\350\215\220/.venv/lib/python3.9/site-packages/pip/_vendor/chardet/cli/__init__.py"
 create mode 100644 "\345\210\206\346\236\220\351\242\204\346\265\213\346\216\250\350\215\220/.venv/lib/python3.9/site-packages/pip/_vendor/chardet/cli/chardetect.py"
 create mode 100644 "\345\210\206\346\236\220\351\242\204\346\265\213\346\216\250\350\215\220/.venv/lib/python3.9/site-packages/pip/_vendor/chardet/codingstatemachine.py"
 create mode 100644 "\345\210\206\346\236\220\351\242\204\346\265\213\346\216\250\350\215\220/.venv/lib/python3.9/site-packages/pip/_vendor/chardet/compat.py"
 create mode 100644 "\345\210\206\346\236\220\351\242\204\346\265\213\346\216\250\350\215\220/.venv/lib/python3.9/site-packages/pip/_vendor/chardet/cp949prober.py"
 create mode 100644 "\345\210\206\346\236\220\351\242\204\346\265\213\346\216\250\350\215\220/.venv/lib/python3.9/site-packages/pip/_vendor/chardet/enums.py"
 create mode 100644 "\345\210\206\346\236\220\351\242\204\346\265\213\346\216\250\350\215\220/.venv/lib/python3.9/site-packages/pip/_vendor/chardet/escprober.py"
 create mode 100644 "\345\210\206\346\236\220\351\242\204\346\265\213\346\216\250\350\215\220/.venv/lib/python3.9/site-packages/pip/_vendor/chardet/escsm.py"
 create mode 100644 "\345\210\206\346\236\220\351\242\204\346\265\213\346\216\250\350\215\220/.venv/lib/python3.9/site-packages/pip/_vendor/chardet/eucjpprober.py"
 create mode 100644 "\345\210\206\346\236\220\351\242\204\346\265\213\346\216\250\350\215\220/.venv/lib/python3.9/site-packages/pip/_vendor/chardet/euckrfreq.py"
 create mode 100644 "\345\210\206\346\236\220\351\242\204\346\265\213\346\216\250\350\215\220/.venv/lib/python3.9/site-packages/pip/_vendor/chardet/euckrprober.py"
 create mode 100644 "\345\210\206\346\236\220\351\242\204\346\265\213\346\216\250\350\215\220/.venv/lib/python3.9/site-packages/pip/_vendor/chardet/euctwfreq.py"
 create mode 100644 "\345\210\206\346\236\220\351\242\204\346\265\213\346\216\250\350\215\220/.venv/lib/python3.9/site-packages/pip/_vendor/chardet/euctwprober.py"
 create mode 100644 "\345\210\206\346\236\220\351\242\204\346\265\213\346\216\250\350\215\220/.venv/lib/python3.9/site-packages/pip/_vendor/chardet/gb2312freq.py"
 create mode 100644 "\345\210\206\346\236\220\351\242\204\346\265\213\346\216\250\350\215\220/.venv/lib/python3.9/site-packages/pip/_vendor/chardet/gb2312prober.py"
 create mode 100644 "\345\210\206\346\236\220\351\242\204\346\265\213\346\216\250\350\215\220/.venv/lib/python3.9/site-packages/pip/_vendor/chardet/hebrewprober.py"
 create mode 100644 "\345\210\206\346\236\220\351\242\204\346\265\213\346\216\250\350\215\220/.venv/lib/python3.9/site-packages/pip/_vendor/chardet/jisfreq.py"
 create mode 100644 "\345\210\206\346\236\220\351\242\204\346\265\213\346\216\250\350\215\220/.venv/lib/python3.9/site-packages/pip/_vendor/chardet/jpcntx.py"
 create mode 100644 "\345\210\206\346\236\220\351\242\204\346\265\213\346\216\250\350\215\220/.venv/lib/python3.9/site-packages/pip/_vendor/chardet/langbulgarianmodel.py"
 create mode 100644 "\345\210\206\346\236\220\351\242\204\346\265\213\346\216\250\350\215\220/.venv/lib/python3.9/site-packages/pip/_vendor/chardet/langgreekmodel.py"
 create mode 100644 "\345\210\206\346\236\220\351\242\204\346\265\213\346\216\250\350\215\220/.venv/lib/python3.9/site-packages/pip/_vendor/chardet/langhebrewmodel.py"
 create mode 100644 "\345\210\206\346\236\220\351\242\204\346\265\213\346\216\250\350\215\220/.venv/lib/python3.9/site-packages/pip/_vendor/chardet/langhungarianmodel.py"
 create mode 100644 "\345\210\206\346\236\220\351\242\204\346\265\213\346\216\250\350\215\220/.venv/lib/python3.9/site-packages/pip/_vendor/chardet/langrussianmodel.py"
 create mode 100644 "\345\210\206\346\236\220\351\242\204\346\265\213\346\216\250\350\215\220/.venv/lib/python3.9/site-packages/pip/_vendor/chardet/langthaimodel.py"
 create mode 100644 "\345\210\206\346\236\220\351\242\204\346\265\213\346\216\250\350\215\220/.venv/lib/python3.9/site-packages/pip/_vendor/chardet/langturkishmodel.py"
 create mode 100644 "\345\210\206\346\236\220\351\242\204\346\265\213\346\216\250\350\215\220/.venv/lib/python3.9/site-packages/pip/_vendor/chardet/latin1prober.py"
 create mode 100644 "\345\210\206\346\236\220\351\242\204\346\265\213\346\216\250\350\215\220/.venv/lib/python3.9/site-packages/pip/_vendor/chardet/mbcharsetprober.py"
 create mode 100644 "\345\210\206\346\236\220\351\242\204\346\265\213\346\216\250\350\215\220/.venv/lib/python3.9/site-packages/pip/_vendor/chardet/mbcsgroupprober.py"
 create mode 100644 "\345\210\206\346\236\220\351\242\204\346\265\213\346\216\250\350\215\220/.venv/lib/python3.9/site-packages/pip/_vendor/chardet/mbcssm.py"
 create mode 100644 "\345\210\206\346\236\220\351\242\204\346\265\213\346\216\250\350\215\220/.venv/lib/python3.9/site-packages/pip/_vendor/chardet/metadata/__init__.py"
 create mode 100644 "\345\210\206\346\236\220\351\242\204\346\265\213\346\216\250\350\215\220/.venv/lib/python3.9/site-packages/pip/_vendor/chardet/metadata/languages.py"
 create mode 100644 "\345\210\206\346\236\220\351\242\204\346\265\213\346\216\250\350\215\220/.venv/lib/python3.9/site-packages/pip/_vendor/chardet/sbcharsetprober.py"
 create mode 100644 "\345\210\206\346\236\220\351\242\204\346\265\213\346\216\250\350\215\220/.venv/lib/python3.9/site-packages/pip/_vendor/chardet/sbcsgroupprober.py"
 create mode 100644 "\345\210\206\346\236\220\351\242\204\346\265\213\346\216\250\350\215\220/.venv/lib/python3.9/site-packages/pip/_vendor/chardet/sjisprober.py"
 create mode 100644 "\345\210\206\346\236\220\351\242\204\346\265\213\346\216\250\350\215\220/.venv/lib/python3.9/site-packages/pip/_vendor/chardet/universaldetector.py"
 create mode 100644 "\345\210\206\346\236\220\351\242\204\346\265\213\346\216\250\350\215\220/.venv/lib/python3.9/site-packages/pip/_vendor/chardet/utf8prober.py"
 create mode 100644 "\345\210\206\346\236\220\351\242\204\346\265\213\346\216\250\350\215\220/.venv/lib/python3.9/site-packages/pip/_vendor/chardet/version.py"
 create mode 100644 "\345\210\206\346\236\220\351\242\204\346\265\213\346\216\250\350\215\220/.venv/lib/python3.9/site-packages/pip/_vendor/colorama/__init__.py"
 create mode 100644 "\345\210\206\346\236\220\351\242\204\346\265\213\346\216\250\350\215\220/.venv/lib/python3.9/site-packages/pip/_vendor/colorama/ansi.py"
 create mode 100644 "\345\210\206\346\236\220\351\242\204\346\265\213\346\216\250\350\215\220/.venv/lib/python3.9/site-packages/pip/_vendor/colorama/ansitowin32.py"
 create mode 100644 "\345\210\206\346\236\220\351\242\204\346\265\213\346\216\250\350\215\220/.venv/lib/python3.9/site-packages/pip/_vendor/colorama/initialise.py"
 create mode 100644 "\345\210\206\346\236\220\351\242\204\346\265\213\346\216\250\350\215\220/.venv/lib/python3.9/site-packages/pip/_vendor/colorama/win32.py"
 create mode 100644 "\345\210\206\346\236\220\351\242\204\346\265\213\346\216\250\350\215\220/.venv/lib/python3.9/site-packages/pip/_vendor/colorama/winterm.py"
 create mode 100644 "\345\210\206\346\236\220\351\242\204\346\265\213\346\216\250\350\215\220/.venv/lib/python3.9/site-packages/pip/_vendor/distlib/__init__.py"
 create mode 100644 "\345\210\206\346\236\220\351\242\204\346\265\213\346\216\250\350\215\220/.venv/lib/python3.9/site-packages/pip/_vendor/distlib/_backport/__init__.py"
 create mode 100644 "\345\210\206\346\236\220\351\242\204\346\265\213\346\216\250\350\215\220/.venv/lib/python3.9/site-packages/pip/_vendor/distlib/_backport/misc.py"
 create mode 100644 "\345\210\206\346\236\220\351\242\204\346\265\213\346\216\250\350\215\220/.venv/lib/python3.9/site-packages/pip/_vendor/distlib/_backport/shutil.py"
 create mode 100644 "\345\210\206\346\236\220\351\242\204\346\265\213\346\216\250\350\215\220/.venv/lib/python3.9/site-packages/pip/_vendor/distlib/_backport/sysconfig.cfg"
 create mode 100644 "\345\210\206\346\236\220\351\242\204\346\265\213\346\216\250\350\215\220/.venv/lib/python3.9/site-packages/pip/_vendor/distlib/_backport/sysconfig.py"
 create mode 100644 "\345\210\206\346\236\220\351\242\204\346\265\213\346\216\250\350\215\220/.venv/lib/python3.9/site-packages/pip/_vendor/distlib/_backport/tarfile.py"
 create mode 100644 "\345\210\206\346\236\220\351\242\204\346\265\213\346\216\250\350\215\220/.venv/lib/python3.9/site-packages/pip/_vendor/distlib/compat.py"
 create mode 100644 "\345\210\206\346\236\220\351\242\204\346\265\213\346\216\250\350\215\220/.venv/lib/python3.9/site-packages/pip/_vendor/distlib/database.py"
 create mode 100644 "\345\210\206\346\236\220\351\242\204\346\265\213\346\216\250\350\215\220/.venv/lib/python3.9/site-packages/pip/_vendor/distlib/index.py"
 create mode 100644 "\345\210\206\346\236\220\351\242\204\346\265\213\346\216\250\350\215\220/.venv/lib/python3.9/site-packages/pip/_vendor/distlib/locators.py"
 create mode 100644 "\345\210\206\346\236\220\351\242\204\346\265\213\346\216\250\350\215\220/.venv/lib/python3.9/site-packages/pip/_vendor/distlib/manifest.py"
 create mode 100644 "\345\210\206\346\236\220\351\242\204\346\265\213\346\216\250\350\215\220/.venv/lib/python3.9/site-packages/pip/_vendor/distlib/markers.py"
 create mode 100644 "\345\210\206\346\236\220\351\242\204\346\265\213\346\216\250\350\215\220/.venv/lib/python3.9/site-packages/pip/_vendor/distlib/metadata.py"
 create mode 100644 "\345\210\206\346\236\220\351\242\204\346\265\213\346\216\250\350\215\220/.venv/lib/python3.9/site-packages/pip/_vendor/distlib/resources.py"
 create mode 100644 "\345\210\206\346\236\220\351\242\204\346\265\213\346\216\250\350\215\220/.venv/lib/python3.9/site-packages/pip/_vendor/distlib/scripts.py"
 create mode 100644 "\345\210\206\346\236\220\351\242\204\346\265\213\346\216\250\350\215\220/.venv/lib/python3.9/site-packages/pip/_vendor/distlib/t32.exe"
 create mode 100644 "\345\210\206\346\236\220\351\242\204\346\265\213\346\216\250\350\215\220/.venv/lib/python3.9/site-packages/pip/_vendor/distlib/t64.exe"
 create mode 100644 "\345\210\206\346\236\220\351\242\204\346\265\213\346\216\250\350\215\220/.venv/lib/python3.9/site-packages/pip/_vendor/distlib/util.py"
 create mode 100644 "\345\210\206\346\236\220\351\242\204\346\265\213\346\216\250\350\215\220/.venv/lib/python3.9/site-packages/pip/_vendor/distlib/version.py"
 create mode 100644 "\345\210\206\346\236\220\351\242\204\346\265\213\346\216\250\350\215\220/.venv/lib/python3.9/site-packages/pip/_vendor/distlib/w32.exe"
 create mode 100644 "\345\210\206\346\236\220\351\242\204\346\265\213\346\216\250\350\215\220/.venv/lib/python3.9/site-packages/pip/_vendor/distlib/w64.exe"
 create mode 100644 "\345\210\206\346\236\220\351\242\204\346\265\213\346\216\250\350\215\220/.venv/lib/python3.9/site-packages/pip/_vendor/distlib/wheel.py"
 create mode 100644 "\345\210\206\346\236\220\351\242\204\346\265\213\346\216\250\350\215\220/.venv/lib/python3.9/site-packages/pip/_vendor/distro.py"
 create mode 100644 "\345\210\206\346\236\220\351\242\204\346\265\213\346\216\250\350\215\220/.venv/lib/python3.9/site-packages/pip/_vendor/html5lib/__init__.py"
 create mode 100644 "\345\210\206\346\236\220\351\242\204\346\265\213\346\216\250\350\215\220/.venv/lib/python3.9/site-packages/pip/_vendor/html5lib/_ihatexml.py"
 create mode 100644 "\345\210\206\346\236\220\351\242\204\346\265\213\346\216\250\350\215\220/.venv/lib/python3.9/site-packages/pip/_vendor/html5lib/_inputstream.py"
 create mode 100644 "\345\210\206\346\236\220\351\242\204\346\265\213\346\216\250\350\215\220/.venv/lib/python3.9/site-packages/pip/_vendor/html5lib/_tokenizer.py"
 create mode 100644 "\345\210\206\346\236\220\351\242\204\346\265\213\346\216\250\350\215\220/.venv/lib/python3.9/site-packages/pip/_vendor/html5lib/_trie/__init__.py"
 create mode 100644 "\345\210\206\346\236\220\351\242\204\346\265\213\346\216\250\350\215\220/.venv/lib/python3.9/site-packages/pip/_vendor/html5lib/_trie/_base.py"
 create mode 100644 "\345\210\206\346\236\220\351\242\204\346\265\213\346\216\250\350\215\220/.venv/lib/python3.9/site-packages/pip/_vendor/html5lib/_trie/py.py"
 create mode 100644 "\345\210\206\346\236\220\351\242\204\346\265\213\346\216\250\350\215\220/.venv/lib/python3.9/site-packages/pip/_vendor/html5lib/_utils.py"
 create mode 100644 "\345\210\206\346\236\220\351\242\204\346\265\213\346\216\250\350\215\220/.venv/lib/python3.9/site-packages/pip/_vendor/html5lib/constants.py"
 create mode 100644 "\345\210\206\346\236\220\351\242\204\346\265\213\346\216\250\350\215\220/.venv/lib/python3.9/site-packages/pip/_vendor/html5lib/filters/__init__.py"
 create mode 100644 "\345\210\206\346\236\220\351\242\204\346\265\213\346\216\250\350\215\220/.venv/lib/python3.9/site-packages/pip/_vendor/html5lib/filters/alphabeticalattributes.py"
 create mode 100644 "\345\210\206\346\236\220\351\242\204\346\265\213\346\216\250\350\215\220/.venv/lib/python3.9/site-packages/pip/_vendor/html5lib/filters/base.py"
 create mode 100644 "\345\210\206\346\236\220\351\242\204\346\265\213\346\216\250\350\215\220/.venv/lib/python3.9/site-packages/pip/_vendor/html5lib/filters/inject_meta_charset.py"
 create mode 100644 "\345\210\206\346\236\220\351\242\204\346\265\213\346\216\250\350\215\220/.venv/lib/python3.9/site-packages/pip/_vendor/html5lib/filters/lint.py"
 create mode 100644 "\345\210\206\346\236\220\351\242\204\346\265\213\346\216\250\350\215\220/.venv/lib/python3.9/site-packages/pip/_vendor/html5lib/filters/optionaltags.py"
 create mode 100644 "\345\210\206\346\236\220\351\242\204\346\265\213\346\216\250\350\215\220/.venv/lib/python3.9/site-packages/pip/_vendor/html5lib/filters/sanitizer.py"
 create mode 100644 "\345\210\206\346\236\220\351\242\204\346\265\213\346\216\250\350\215\220/.venv/lib/python3.9/site-packages/pip/_vendor/html5lib/filters/whitespace.py"
 create mode 100644 "\345\210\206\346\236\220\351\242\204\346\265\213\346\216\250\350\215\220/.venv/lib/python3.9/site-packages/pip/_vendor/html5lib/html5parser.py"
 create mode 100644 "\345\210\206\346\236\220\351\242\204\346\265\213\346\216\250\350\215\220/.venv/lib/python3.9/site-packages/pip/_vendor/html5lib/serializer.py"
 create mode 100644 "\345\210\206\346\236\220\351\242\204\346\265\213\346\216\250\350\215\220/.venv/lib/python3.9/site-packages/pip/_vendor/html5lib/treeadapters/__init__.py"
 create mode 100644 "\345\210\206\346\236\220\351\242\204\346\265\213\346\216\250\350\215\220/.venv/lib/python3.9/site-packages/pip/_vendor/html5lib/treeadapters/genshi.py"
 create mode 100644 "\345\210\206\346\236\220\351\242\204\346\265\213\346\216\250\350\215\220/.venv/lib/python3.9/site-packages/pip/_vendor/html5lib/treeadapters/sax.py"
 create mode 100644 "\345\210\206\346\236\220\351\242\204\346\265\213\346\216\250\350\215\220/.venv/lib/python3.9/site-packages/pip/_vendor/html5lib/treebuilders/__init__.py"
 create mode 100644 "\345\210\206\346\236\220\351\242\204\346\265\213\346\216\250\350\215\220/.venv/lib/python3.9/site-packages/pip/_vendor/html5lib/treebuilders/base.py"
 create mode 100644 "\345\210\206\346\236\220\351\242\204\346\265\213\346\216\250\350\215\220/.venv/lib/python3.9/site-packages/pip/_vendor/html5lib/treebuilders/dom.py"
 create mode 100644 "\345\210\206\346\236\220\351\242\204\346\265\213\346\216\250\350\215\220/.venv/lib/python3.9/site-packages/pip/_vendor/html5lib/treebuilders/etree.py"
 create mode 100644 "\345\210\206\346\236\220\351\242\204\346\265\213\346\216\250\350\215\220/.venv/lib/python3.9/site-packages/pip/_vendor/html5lib/treebuilders/etree_lxml.py"
 create mode 100644 "\345\210\206\346\236\220\351\242\204\346\265\213\346\216\250\350\215\220/.venv/lib/python3.9/site-packages/pip/_vendor/html5lib/treewalkers/__init__.py"
 create mode 100644 "\345\210\206\346\236\220\351\242\204\346\265\213\346\216\250\350\215\220/.venv/lib/python3.9/site-packages/pip/_vendor/html5lib/treewalkers/base.py"
 create mode 100644 "\345\210\206\346\236\220\351\242\204\346\265\213\346\216\250\350\215\220/.venv/lib/python3.9/site-packages/pip/_vendor/html5lib/treewalkers/dom.py"
 create mode 100644 "\345\210\206\346\236\220\351\242\204\346\265\213\346\216\250\350\215\220/.venv/lib/python3.9/site-packages/pip/_vendor/html5lib/treewalkers/etree.py"
 create mode 100644 "\345\210\206\346\236\220\351\242\204\346\265\213\346\216\250\350\215\220/.venv/lib/python3.9/site-packages/pip/_vendor/html5lib/treewalkers/etree_lxml.py"
 create mode 100644 "\345\210\206\346\236\220\351\242\204\346\265\213\346\216\250\350\215\220/.venv/lib/python3.9/site-packages/pip/_vendor/html5lib/treewalkers/genshi.py"
 create mode 100644 "\345\210\206\346\236\220\351\242\204\346\265\213\346\216\250\350\215\220/.venv/lib/python3.9/site-packages/pip/_vendor/idna/__init__.py"
 create mode 100644 "\345\210\206\346\236\220\351\242\204\346\265\213\346\216\250\350\215\220/.venv/lib/python3.9/site-packages/pip/_vendor/idna/codec.py"
 create mode 100644 "\345\210\206\346\236\220\351\242\204\346\265\213\346\216\250\350\215\220/.venv/lib/python3.9/site-packages/pip/_vendor/idna/compat.py"
 create mode 100644 "\345\210\206\346\236\220\351\242\204\346\265\213\346\216\250\350\215\220/.venv/lib/python3.9/site-packages/pip/_vendor/idna/core.py"
 create mode 100644 "\345\210\206\346\236\220\351\242\204\346\265\213\346\216\250\350\215\220/.venv/lib/python3.9/site-packages/pip/_vendor/idna/idnadata.py"
 create mode 100644 "\345\210\206\346\236\220\351\242\204\346\265\213\346\216\250\350\215\220/.venv/lib/python3.9/site-packages/pip/_vendor/idna/intranges.py"
 create mode 100644 "\345\210\206\346\236\220\351\242\204\346\265\213\346\216\250\350\215\220/.venv/lib/python3.9/site-packages/pip/_vendor/idna/package_data.py"
 create mode 100644 "\345\210\206\346\236\220\351\242\204\346\265\213\346\216\250\350\215\220/.venv/lib/python3.9/site-packages/pip/_vendor/idna/uts46data.py"
 create mode 100644 "\345\210\206\346\236\220\351\242\204\346\265\213\346\216\250\350\215\220/.venv/lib/python3.9/site-packages/pip/_vendor/msgpack/__init__.py"
 create mode 100644 "\345\210\206\346\236\220\351\242\204\346\265\213\346\216\250\350\215\220/.venv/lib/python3.9/site-packages/pip/_vendor/msgpack/_version.py"
 create mode 100644 "\345\210\206\346\236\220\351\242\204\346\265\213\346\216\250\350\215\220/.venv/lib/python3.9/site-packages/pip/_vendor/msgpack/exceptions.py"
 create mode 100644 "\345\210\206\346\236\220\351\242\204\346\265\213\346\216\250\350\215\220/.venv/lib/python3.9/site-packages/pip/_vendor/msgpack/ext.py"
 create mode 100644 "\345\210\206\346\236\220\351\242\204\346\265\213\346\216\250\350\215\220/.venv/lib/python3.9/site-packages/pip/_vendor/msgpack/fallback.py"
 create mode 100644 "\345\210\206\346\236\220\351\242\204\346\265\213\346\216\250\350\215\220/.venv/lib/python3.9/site-packages/pip/_vendor/packaging/__about__.py"
 create mode 100644 "\345\210\206\346\236\220\351\242\204\346\265\213\346\216\250\350\215\220/.venv/lib/python3.9/site-packages/pip/_vendor/packaging/__init__.py"
 create mode 100644 "\345\210\206\346\236\220\351\242\204\346\265\213\346\216\250\350\215\220/.venv/lib/python3.9/site-packages/pip/_vendor/packaging/_manylinux.py"
 create mode 100644 "\345\210\206\346\236\220\351\242\204\346\265\213\346\216\250\350\215\220/.venv/lib/python3.9/site-packages/pip/_vendor/packaging/_musllinux.py"
 create mode 100644 "\345\210\206\346\236\220\351\242\204\346\265\213\346\216\250\350\215\220/.venv/lib/python3.9/site-packages/pip/_vendor/packaging/_structures.py"
 create mode 100644 "\345\210\206\346\236\220\351\242\204\346\265\213\346\216\250\350\215\220/.venv/lib/python3.9/site-packages/pip/_vendor/packaging/markers.py"
 create mode 100644 "\345\210\206\346\236\220\351\242\204\346\265\213\346\216\250\350\215\220/.venv/lib/python3.9/site-packages/pip/_vendor/packaging/requirements.py"
 create mode 100644 "\345\210\206\346\236\220\351\242\204\346\265\213\346\216\250\350\215\220/.venv/lib/python3.9/site-packages/pip/_vendor/packaging/specifiers.py"
 create mode 100644 "\345\210\206\346\236\220\351\242\204\346\265\213\346\216\250\350\215\220/.venv/lib/python3.9/site-packages/pip/_vendor/packaging/tags.py"
 create mode 100644 "\345\210\206\346\236\220\351\242\204\346\265\213\346\216\250\350\215\220/.venv/lib/python3.9/site-packages/pip/_vendor/packaging/utils.py"
 create mode 100644 "\345\210\206\346\236\220\351\242\204\346\265\213\346\216\250\350\215\220/.venv/lib/python3.9/site-packages/pip/_vendor/packaging/version.py"
 create mode 100644 "\345\210\206\346\236\220\351\242\204\346\265\213\346\216\250\350\215\220/.venv/lib/python3.9/site-packages/pip/_vendor/pep517/__init__.py"
 create mode 100644 "\345\210\206\346\236\220\351\242\204\346\265\213\346\216\250\350\215\220/.venv/lib/python3.9/site-packages/pip/_vendor/pep517/build.py"
 create mode 100644 "\345\210\206\346\236\220\351\242\204\346\265\213\346\216\250\350\215\220/.venv/lib/python3.9/site-packages/pip/_vendor/pep517/check.py"
 create mode 100644 "\345\210\206\346\236\220\351\242\204\346\265\213\346\216\250\350\215\220/.venv/lib/python3.9/site-packages/pip/_vendor/pep517/colorlog.py"
 create mode 100644 "\345\210\206\346\236\220\351\242\204\346\265\213\346\216\250\350\215\220/.venv/lib/python3.9/site-packages/pip/_vendor/pep517/compat.py"
 create mode 100644 "\345\210\206\346\236\220\351\242\204\346\265\213\346\216\250\350\215\220/.venv/lib/python3.9/site-packages/pip/_vendor/pep517/dirtools.py"
 create mode 100644 "\345\210\206\346\236\220\351\242\204\346\265\213\346\216\250\350\215\220/.venv/lib/python3.9/site-packages/pip/_vendor/pep517/envbuild.py"
 create mode 100644 "\345\210\206\346\236\220\351\242\204\346\265\213\346\216\250\350\215\220/.venv/lib/python3.9/site-packages/pip/_vendor/pep517/in_process/__init__.py"
 create mode 100644 "\345\210\206\346\236\220\351\242\204\346\265\213\346\216\250\350\215\220/.venv/lib/python3.9/site-packages/pip/_vendor/pep517/in_process/_in_process.py"
 create mode 100644 "\345\210\206\346\236\220\351\242\204\346\265\213\346\216\250\350\215\220/.venv/lib/python3.9/site-packages/pip/_vendor/pep517/meta.py"
 create mode 100644 "\345\210\206\346\236\220\351\242\204\346\265\213\346\216\250\350\215\220/.venv/lib/python3.9/site-packages/pip/_vendor/pep517/wrappers.py"
 create mode 100644 "\345\210\206\346\236\220\351\242\204\346\265\213\346\216\250\350\215\220/.venv/lib/python3.9/site-packages/pip/_vendor/pkg_resources/__init__.py"
 create mode 100644 "\345\210\206\346\236\220\351\242\204\346\265\213\346\216\250\350\215\220/.venv/lib/python3.9/site-packages/pip/_vendor/pkg_resources/py31compat.py"
 create mode 100644 "\345\210\206\346\236\220\351\242\204\346\265\213\346\216\250\350\215\220/.venv/lib/python3.9/site-packages/pip/_vendor/progress/__init__.py"
 create mode 100644 "\345\210\206\346\236\220\351\242\204\346\265\213\346\216\250\350\215\220/.venv/lib/python3.9/site-packages/pip/_vendor/progress/bar.py"
 create mode 100644 "\345\210\206\346\236\220\351\242\204\346\265\213\346\216\250\350\215\220/.venv/lib/python3.9/site-packages/pip/_vendor/progress/counter.py"
 create mode 100644 "\345\210\206\346\236\220\351\242\204\346\265\213\346\216\250\350\215\220/.venv/lib/python3.9/site-packages/pip/_vendor/progress/spinner.py"
 create mode 100644 "\345\210\206\346\236\220\351\242\204\346\265\213\346\216\250\350\215\220/.venv/lib/python3.9/site-packages/pip/_vendor/pyparsing.py"
 create mode 100644 "\345\210\206\346\236\220\351\242\204\346\265\213\346\216\250\350\215\220/.venv/lib/python3.9/site-packages/pip/_vendor/requests/__init__.py"
 create mode 100644 "\345\210\206\346\236\220\351\242\204\346\265\213\346\216\250\350\215\220/.venv/lib/python3.9/site-packages/pip/_vendor/requests/__version__.py"
 create mode 100644 "\345\210\206\346\236\220\351\242\204\346\265\213\346\216\250\350\215\220/.venv/lib/python3.9/site-packages/pip/_vendor/requests/_internal_utils.py"
 create mode 100644 "\345\210\206\346\236\220\351\242\204\346\265\213\346\216\250\350\215\220/.venv/lib/python3.9/site-packages/pip/_vendor/requests/adapters.py"
 create mode 100644 "\345\210\206\346\236\220\351\242\204\346\265\213\346\216\250\350\215\220/.venv/lib/python3.9/site-packages/pip/_vendor/requests/api.py"
 create mode 100644 "\345\210\206\346\236\220\351\242\204\346\265\213\346\216\250\350\215\220/.venv/lib/python3.9/site-packages/pip/_vendor/requests/auth.py"
 create mode 100644 "\345\210\206\346\236\220\351\242\204\346\265\213\346\216\250\350\215\220/.venv/lib/python3.9/site-packages/pip/_vendor/requests/certs.py"
 create mode 100644 "\345\210\206\346\236\220\351\242\204\346\265\213\346\216\250\350\215\220/.venv/lib/python3.9/site-packages/pip/_vendor/requests/compat.py"
 create mode 100644 "\345\210\206\346\236\220\351\242\204\346\265\213\346\216\250\350\215\220/.venv/lib/python3.9/site-packages/pip/_vendor/requests/cookies.py"
 create mode 100644 "\345\210\206\346\236\220\351\242\204\346\265\213\346\216\250\350\215\220/.venv/lib/python3.9/site-packages/pip/_vendor/requests/exceptions.py"
 create mode 100644 "\345\210\206\346\236\220\351\242\204\346\265\213\346\216\250\350\215\220/.venv/lib/python3.9/site-packages/pip/_vendor/requests/help.py"
 create mode 100644 "\345\210\206\346\236\220\351\242\204\346\265\213\346\216\250\350\215\220/.venv/lib/python3.9/site-packages/pip/_vendor/requests/hooks.py"
 create mode 100644 "\345\210\206\346\236\220\351\242\204\346\265\213\346\216\250\350\215\220/.venv/lib/python3.9/site-packages/pip/_vendor/requests/models.py"
 create mode 100644 "\345\210\206\346\236\220\351\242\204\346\265\213\346\216\250\350\215\220/.venv/lib/python3.9/site-packages/pip/_vendor/requests/packages.py"
 create mode 100644 "\345\210\206\346\236\220\351\242\204\346\265\213\346\216\250\350\215\220/.venv/lib/python3.9/site-packages/pip/_vendor/requests/sessions.py"
 create mode 100644 "\345\210\206\346\236\220\351\242\204\346\265\213\346\216\250\350\215\220/.venv/lib/python3.9/site-packages/pip/_vendor/requests/status_codes.py"
 create mode 100644 "\345\210\206\346\236\220\351\242\204\346\265\213\346\216\250\350\215\220/.venv/lib/python3.9/site-packages/pip/_vendor/requests/structures.py"
 create mode 100644 "\345\210\206\346\236\220\351\242\204\346\265\213\346\216\250\350\215\220/.venv/lib/python3.9/site-packages/pip/_vendor/requests/utils.py"
 create mode 100644 "\345\210\206\346\236\220\351\242\204\346\265\213\346\216\250\350\215\220/.venv/lib/python3.9/site-packages/pip/_vendor/resolvelib/__init__.py"
 create mode 100644 "\345\210\206\346\236\220\351\242\204\346\265\213\346\216\250\350\215\220/.venv/lib/python3.9/site-packages/pip/_vendor/resolvelib/compat/__init__.py"
 create mode 100644 "\345\210\206\346\236\220\351\242\204\346\265\213\346\216\250\350\215\220/.venv/lib/python3.9/site-packages/pip/_vendor/resolvelib/compat/collections_abc.py"
 create mode 100644 "\345\210\206\346\236\220\351\242\204\346\265\213\346\216\250\350\215\220/.venv/lib/python3.9/site-packages/pip/_vendor/resolvelib/providers.py"
 create mode 100644 "\345\210\206\346\236\220\351\242\204\346\265\213\346\216\250\350\215\220/.venv/lib/python3.9/site-packages/pip/_vendor/resolvelib/reporters.py"
 create mode 100644 "\345\210\206\346\236\220\351\242\204\346\265\213\346\216\250\350\215\220/.venv/lib/python3.9/site-packages/pip/_vendor/resolvelib/resolvers.py"
 create mode 100644 "\345\210\206\346\236\220\351\242\204\346\265\213\346\216\250\350\215\220/.venv/lib/python3.9/site-packages/pip/_vendor/resolvelib/structs.py"
 create mode 100644 "\345\210\206\346\236\220\351\242\204\346\265\213\346\216\250\350\215\220/.venv/lib/python3.9/site-packages/pip/_vendor/six.py"
 create mode 100644 "\345\210\206\346\236\220\351\242\204\346\265\213\346\216\250\350\215\220/.venv/lib/python3.9/site-packages/pip/_vendor/tenacity/__init__.py"
 create mode 100644 "\345\210\206\346\236\220\351\242\204\346\265\213\346\216\250\350\215\220/.venv/lib/python3.9/site-packages/pip/_vendor/tenacity/_asyncio.py"
 create mode 100644 "\345\210\206\346\236\220\351\242\204\346\265\213\346\216\250\350\215\220/.venv/lib/python3.9/site-packages/pip/_vendor/tenacity/_utils.py"
 create mode 100644 "\345\210\206\346\236\220\351\242\204\346\265\213\346\216\250\350\215\220/.venv/lib/python3.9/site-packages/pip/_vendor/tenacity/after.py"
 create mode 100644 "\345\210\206\346\236\220\351\242\204\346\265\213\346\216\250\350\215\220/.venv/lib/python3.9/site-packages/pip/_vendor/tenacity/before.py"
 create mode 100644 "\345\210\206\346\236\220\351\242\204\346\265\213\346\216\250\350\215\220/.venv/lib/python3.9/site-packages/pip/_vendor/tenacity/before_sleep.py"
 create mode 100644 "\345\210\206\346\236\220\351\242\204\346\265\213\346\216\250\350\215\220/.venv/lib/python3.9/site-packages/pip/_vendor/tenacity/nap.py"
 create mode 100644 "\345\210\206\346\236\220\351\242\204\346\265\213\346\216\250\350\215\220/.venv/lib/python3.9/site-packages/pip/_vendor/tenacity/retry.py"
 create mode 100644 "\345\210\206\346\236\220\351\242\204\346\265\213\346\216\250\350\215\220/.venv/lib/python3.9/site-packages/pip/_vendor/tenacity/stop.py"
 create mode 100644 "\345\210\206\346\236\220\351\242\204\346\265\213\346\216\250\350\215\220/.venv/lib/python3.9/site-packages/pip/_vendor/tenacity/tornadoweb.py"
 create mode 100644 "\345\210\206\346\236\220\351\242\204\346\265\213\346\216\250\350\215\220/.venv/lib/python3.9/site-packages/pip/_vendor/tenacity/wait.py"
 create mode 100644 "\345\210\206\346\236\220\351\242\204\346\265\213\346\216\250\350\215\220/.venv/lib/python3.9/site-packages/pip/_vendor/tomli/__init__.py"
 create mode 100644 "\345\210\206\346\236\220\351\242\204\346\265\213\346\216\250\350\215\220/.venv/lib/python3.9/site-packages/pip/_vendor/tomli/_parser.py"
 create mode 100644 "\345\210\206\346\236\220\351\242\204\346\265\213\346\216\250\350\215\220/.venv/lib/python3.9/site-packages/pip/_vendor/tomli/_re.py"
 create mode 100644 "\345\210\206\346\236\220\351\242\204\346\265\213\346\216\250\350\215\220/.venv/lib/python3.9/site-packages/pip/_vendor/urllib3/__init__.py"
 create mode 100644 "\345\210\206\346\236\220\351\242\204\346\265\213\346\216\250\350\215\220/.venv/lib/python3.9/site-packages/pip/_vendor/urllib3/_collections.py"
 create mode 100644 "\345\210\206\346\236\220\351\242\204\346\265\213\346\216\250\350\215\220/.venv/lib/python3.9/site-packages/pip/_vendor/urllib3/_version.py"
 create mode 100644 "\345\210\206\346\236\220\351\242\204\346\265\213\346\216\250\350\215\220/.venv/lib/python3.9/site-packages/pip/_vendor/urllib3/connection.py"
 create mode 100644 "\345\210\206\346\236\220\351\242\204\346\265\213\346\216\250\350\215\220/.venv/lib/python3.9/site-packages/pip/_vendor/urllib3/connectionpool.py"
 create mode 100644 "\345\210\206\346\236\220\351\242\204\346\265\213\346\216\250\350\215\220/.venv/lib/python3.9/site-packages/pip/_vendor/urllib3/contrib/__init__.py"
 create mode 100644 "\345\210\206\346\236\220\351\242\204\346\265\213\346\216\250\350\215\220/.venv/lib/python3.9/site-packages/pip/_vendor/urllib3/contrib/_appengine_environ.py"
 create mode 100644 "\345\210\206\346\236\220\351\242\204\346\265\213\346\216\250\350\215\220/.venv/lib/python3.9/site-packages/pip/_vendor/urllib3/contrib/_securetransport/__init__.py"
 create mode 100644 "\345\210\206\346\236\220\351\242\204\346\265\213\346\216\250\350\215\220/.venv/lib/python3.9/site-packages/pip/_vendor/urllib3/contrib/_securetransport/bindings.py"
 create mode 100644 "\345\210\206\346\236\220\351\242\204\346\265\213\346\216\250\350\215\220/.venv/lib/python3.9/site-packages/pip/_vendor/urllib3/contrib/_securetransport/low_level.py"
 create mode 100644 "\345\210\206\346\236\220\351\242\204\346\265\213\346\216\250\350\215\220/.venv/lib/python3.9/site-packages/pip/_vendor/urllib3/contrib/appengine.py"
 create mode 100644 "\345\210\206\346\236\220\351\242\204\346\265\213\346\216\250\350\215\220/.venv/lib/python3.9/site-packages/pip/_vendor/urllib3/contrib/ntlmpool.py"
 create mode 100644 "\345\210\206\346\236\220\351\242\204\346\265\213\346\216\250\350\215\220/.venv/lib/python3.9/site-packages/pip/_vendor/urllib3/contrib/pyopenssl.py"
 create mode 100644 "\345\210\206\346\236\220\351\242\204\346\265\213\346\216\250\350\215\220/.venv/lib/python3.9/site-packages/pip/_vendor/urllib3/contrib/securetransport.py"
 create mode 100644 "\345\210\206\346\236\220\351\242\204\346\265\213\346\216\250\350\215\220/.venv/lib/python3.9/site-packages/pip/_vendor/urllib3/contrib/socks.py"
 create mode 100644 "\345\210\206\346\236\220\351\242\204\346\265\213\346\216\250\350\215\220/.venv/lib/python3.9/site-packages/pip/_vendor/urllib3/exceptions.py"
 create mode 100644 "\345\210\206\346\236\220\351\242\204\346\265\213\346\216\250\350\215\220/.venv/lib/python3.9/site-packages/pip/_vendor/urllib3/fields.py"
 create mode 100644 "\345\210\206\346\236\220\351\242\204\346\265\213\346\216\250\350\215\220/.venv/lib/python3.9/site-packages/pip/_vendor/urllib3/filepost.py"
 create mode 100644 "\345\210\206\346\236\220\351\242\204\346\265\213\346\216\250\350\215\220/.venv/lib/python3.9/site-packages/pip/_vendor/urllib3/packages/__init__.py"
 create mode 100644 "\345\210\206\346\236\220\351\242\204\346\265\213\346\216\250\350\215\220/.venv/lib/python3.9/site-packages/pip/_vendor/urllib3/packages/backports/__init__.py"
 create mode 100644 "\345\210\206\346\236\220\351\242\204\346\265\213\346\216\250\350\215\220/.venv/lib/python3.9/site-packages/pip/_vendor/urllib3/packages/backports/makefile.py"
 create mode 100644 "\345\210\206\346\236\220\351\242\204\346\265\213\346\216\250\350\215\220/.venv/lib/python3.9/site-packages/pip/_vendor/urllib3/packages/six.py"
 create mode 100644 "\345\210\206\346\236\220\351\242\204\346\265\213\346\216\250\350\215\220/.venv/lib/python3.9/site-packages/pip/_vendor/urllib3/packages/ssl_match_hostname/__init__.py"
 create mode 100644 "\345\210\206\346\236\220\351\242\204\346\265\213\346\216\250\350\215\220/.venv/lib/python3.9/site-packages/pip/_vendor/urllib3/packages/ssl_match_hostname/_implementation.py"
 create mode 100644 "\345\210\206\346\236\220\351\242\204\346\265\213\346\216\250\350\215\220/.venv/lib/python3.9/site-packages/pip/_vendor/urllib3/poolmanager.py"
 create mode 100644 "\345\210\206\346\236\220\351\242\204\346\265\213\346\216\250\350\215\220/.venv/lib/python3.9/site-packages/pip/_vendor/urllib3/request.py"
 create mode 100644 "\345\210\206\346\236\220\351\242\204\346\265\213\346\216\250\350\215\220/.venv/lib/python3.9/site-packages/pip/_vendor/urllib3/response.py"
 create mode 100644 "\345\210\206\346\236\220\351\242\204\346\265\213\346\216\250\350\215\220/.venv/lib/python3.9/site-packages/pip/_vendor/urllib3/util/__init__.py"
 create mode 100644 "\345\210\206\346\236\220\351\242\204\346\265\213\346\216\250\350\215\220/.venv/lib/python3.9/site-packages/pip/_vendor/urllib3/util/connection.py"
 create mode 100644 "\345\210\206\346\236\220\351\242\204\346\265\213\346\216\250\350\215\220/.venv/lib/python3.9/site-packages/pip/_vendor/urllib3/util/proxy.py"
 create mode 100644 "\345\210\206\346\236\220\351\242\204\346\265\213\346\216\250\350\215\220/.venv/lib/python3.9/site-packages/pip/_vendor/urllib3/util/queue.py"
 create mode 100644 "\345\210\206\346\236\220\351\242\204\346\265\213\346\216\250\350\215\220/.venv/lib/python3.9/site-packages/pip/_vendor/urllib3/util/request.py"
 create mode 100644 "\345\210\206\346\236\220\351\242\204\346\265\213\346\216\250\350\215\220/.venv/lib/python3.9/site-packages/pip/_vendor/urllib3/util/response.py"
 create mode 100644 "\345\210\206\346\236\220\351\242\204\346\265\213\346\216\250\350\215\220/.venv/lib/python3.9/site-packages/pip/_vendor/urllib3/util/retry.py"
 create mode 100644 "\345\210\206\346\236\220\351\242\204\346\265\213\346\216\250\350\215\220/.venv/lib/python3.9/site-packages/pip/_vendor/urllib3/util/ssl_.py"
 create mode 100644 "\345\210\206\346\236\220\351\242\204\346\265\213\346\216\250\350\215\220/.venv/lib/python3.9/site-packages/pip/_vendor/urllib3/util/ssltransport.py"
 create mode 100644 "\345\210\206\346\236\220\351\242\204\346\265\213\346\216\250\350\215\220/.venv/lib/python3.9/site-packages/pip/_vendor/urllib3/util/timeout.py"
 create mode 100644 "\345\210\206\346\236\220\351\242\204\346\265\213\346\216\250\350\215\220/.venv/lib/python3.9/site-packages/pip/_vendor/urllib3/util/url.py"
 create mode 100644 "\345\210\206\346\236\220\351\242\204\346\265\213\346\216\250\350\215\220/.venv/lib/python3.9/site-packages/pip/_vendor/urllib3/util/wait.py"
 create mode 100644 "\345\210\206\346\236\220\351\242\204\346\265\213\346\216\250\350\215\220/.venv/lib/python3.9/site-packages/pip/_vendor/vendor.txt"
 create mode 100644 "\345\210\206\346\236\220\351\242\204\346\265\213\346\216\250\350\215\220/.venv/lib/python3.9/site-packages/pip/_vendor/webencodings/__init__.py"
 create mode 100644 "\345\210\206\346\236\220\351\242\204\346\265\213\346\216\250\350\215\220/.venv/lib/python3.9/site-packages/pip/_vendor/webencodings/labels.py"
 create mode 100644 "\345\210\206\346\236\220\351\242\204\346\265\213\346\216\250\350\215\220/.venv/lib/python3.9/site-packages/pip/_vendor/webencodings/mklabels.py"
 create mode 100644 "\345\210\206\346\236\220\351\242\204\346\265\213\346\216\250\350\215\220/.venv/lib/python3.9/site-packages/pip/_vendor/webencodings/tests.py"
 create mode 100644 "\345\210\206\346\236\220\351\242\204\346\265\213\346\216\250\350\215\220/.venv/lib/python3.9/site-packages/pip/_vendor/webencodings/x_user_defined.py"
 create mode 100644 "\345\210\206\346\236\220\351\242\204\346\265\213\346\216\250\350\215\220/.venv/lib/python3.9/site-packages/pip/py.typed"
 create mode 100644 "\345\210\206\346\236\220\351\242\204\346\265\213\346\216\250\350\215\220/.venv/lib/python3.9/site-packages/pkg_resources/__init__.py"
 create mode 100644 "\345\210\206\346\236\220\351\242\204\346\265\213\346\216\250\350\215\220/.venv/lib/python3.9/site-packages/pkg_resources/_vendor/__init__.py"
 create mode 100644 "\345\210\206\346\236\220\351\242\204\346\265\213\346\216\250\350\215\220/.venv/lib/python3.9/site-packages/pkg_resources/_vendor/appdirs.py"
 create mode 100644 "\345\210\206\346\236\220\351\242\204\346\265\213\346\216\250\350\215\220/.venv/lib/python3.9/site-packages/pkg_resources/_vendor/packaging/__about__.py"
 create mode 100644 "\345\210\206\346\236\220\351\242\204\346\265\213\346\216\250\350\215\220/.venv/lib/python3.9/site-packages/pkg_resources/_vendor/packaging/__init__.py"
 create mode 100644 "\345\210\206\346\236\220\351\242\204\346\265\213\346\216\250\350\215\220/.venv/lib/python3.9/site-packages/pkg_resources/_vendor/packaging/_compat.py"
 create mode 100644 "\345\210\206\346\236\220\351\242\204\346\265\213\346\216\250\350\215\220/.venv/lib/python3.9/site-packages/pkg_resources/_vendor/packaging/_structures.py"
 create mode 100644 "\345\210\206\346\236\220\351\242\204\346\265\213\346\216\250\350\215\220/.venv/lib/python3.9/site-packages/pkg_resources/_vendor/packaging/_typing.py"
 create mode 100644 "\345\210\206\346\236\220\351\242\204\346\265\213\346\216\250\350\215\220/.venv/lib/python3.9/site-packages/pkg_resources/_vendor/packaging/markers.py"
 create mode 100644 "\345\210\206\346\236\220\351\242\204\346\265\213\346\216\250\350\215\220/.venv/lib/python3.9/site-packages/pkg_resources/_vendor/packaging/requirements.py"
 create mode 100644 "\345\210\206\346\236\220\351\242\204\346\265\213\346\216\250\350\215\220/.venv/lib/python3.9/site-packages/pkg_resources/_vendor/packaging/specifiers.py"
 create mode 100644 "\345\210\206\346\236\220\351\242\204\346\265\213\346\216\250\350\215\220/.venv/lib/python3.9/site-packages/pkg_resources/_vendor/packaging/tags.py"
 create mode 100644 "\345\210\206\346\236\220\351\242\204\346\265\213\346\216\250\350\215\220/.venv/lib/python3.9/site-packages/pkg_resources/_vendor/packaging/utils.py"
 create mode 100644 "\345\210\206\346\236\220\351\242\204\346\265\213\346\216\250\350\215\220/.venv/lib/python3.9/site-packages/pkg_resources/_vendor/packaging/version.py"
 create mode 100644 "\345\210\206\346\236\220\351\242\204\346\265\213\346\216\250\350\215\220/.venv/lib/python3.9/site-packages/pkg_resources/_vendor/pyparsing.py"
 create mode 100644 "\345\210\206\346\236\220\351\242\204\346\265\213\346\216\250\350\215\220/.venv/lib/python3.9/site-packages/pkg_resources/extern/__init__.py"
 create mode 100644 "\345\210\206\346\236\220\351\242\204\346\265\213\346\216\250\350\215\220/.venv/lib/python3.9/site-packages/pkg_resources/tests/data/my-test-package-source/setup.py"
 create mode 100644 "\345\210\206\346\236\220\351\242\204\346\265\213\346\216\250\350\215\220/.venv/lib/python3.9/site-packages/setuptools-58.0.4.dist-info/INSTALLER"
 create mode 100644 "\345\210\206\346\236\220\351\242\204\346\265\213\346\216\250\350\215\220/.venv/lib/python3.9/site-packages/setuptools-58.0.4.dist-info/LICENSE"
 create mode 100644 "\345\210\206\346\236\220\351\242\204\346\265\213\346\216\250\350\215\220/.venv/lib/python3.9/site-packages/setuptools-58.0.4.dist-info/METADATA"
 create mode 100644 "\345\210\206\346\236\220\351\242\204\346\265\213\346\216\250\350\215\220/.venv/lib/python3.9/site-packages/setuptools-58.0.4.dist-info/RECORD"
 create mode 100644 "\345\210\206\346\236\220\351\242\204\346\265\213\346\216\250\350\215\220/.venv/lib/python3.9/site-packages/setuptools-58.0.4.dist-info/REQUESTED"
 create mode 100644 "\345\210\206\346\236\220\351\242\204\346\265\213\346\216\250\350\215\220/.venv/lib/python3.9/site-packages/setuptools-58.0.4.dist-info/WHEEL"
 create mode 100644 "\345\210\206\346\236\220\351\242\204\346\265\213\346\216\250\350\215\220/.venv/lib/python3.9/site-packages/setuptools-58.0.4.dist-info/entry_points.txt"
 create mode 100644 "\345\210\206\346\236\220\351\242\204\346\265\213\346\216\250\350\215\220/.venv/lib/python3.9/site-packages/setuptools-58.0.4.dist-info/top_level.txt"
 create mode 100644 "\345\210\206\346\236\220\351\242\204\346\265\213\346\216\250\350\215\220/.venv/lib/python3.9/site-packages/setuptools/__init__.py"
 create mode 100644 "\345\210\206\346\236\220\351\242\204\346\265\213\346\216\250\350\215\220/.venv/lib/python3.9/site-packages/setuptools/_deprecation_warning.py"
 create mode 100644 "\345\210\206\346\236\220\351\242\204\346\265\213\346\216\250\350\215\220/.venv/lib/python3.9/site-packages/setuptools/_distutils/__init__.py"
 create mode 100644 "\345\210\206\346\236\220\351\242\204\346\265\213\346\216\250\350\215\220/.venv/lib/python3.9/site-packages/setuptools/_distutils/_msvccompiler.py"
 create mode 100644 "\345\210\206\346\236\220\351\242\204\346\265\213\346\216\250\350\215\220/.venv/lib/python3.9/site-packages/setuptools/_distutils/archive_util.py"
 create mode 100644 "\345\210\206\346\236\220\351\242\204\346\265\213\346\216\250\350\215\220/.venv/lib/python3.9/site-packages/setuptools/_distutils/bcppcompiler.py"
 create mode 100644 "\345\210\206\346\236\220\351\242\204\346\265\213\346\216\250\350\215\220/.venv/lib/python3.9/site-packages/setuptools/_distutils/ccompiler.py"
 create mode 100644 "\345\210\206\346\236\220\351\242\204\346\265\213\346\216\250\350\215\220/.venv/lib/python3.9/site-packages/setuptools/_distutils/cmd.py"
 create mode 100644 "\345\210\206\346\236\220\351\242\204\346\265\213\346\216\250\350\215\220/.venv/lib/python3.9/site-packages/setuptools/_distutils/command/__init__.py"
 create mode 100644 "\345\210\206\346\236\220\351\242\204\346\265\213\346\216\250\350\215\220/.venv/lib/python3.9/site-packages/setuptools/_distutils/command/bdist.py"
 create mode 100644 "\345\210\206\346\236\220\351\242\204\346\265\213\346\216\250\350\215\220/.venv/lib/python3.9/site-packages/setuptools/_distutils/command/bdist_dumb.py"
 create mode 100644 "\345\210\206\346\236\220\351\242\204\346\265\213\346\216\250\350\215\220/.venv/lib/python3.9/site-packages/setuptools/_distutils/command/bdist_msi.py"
 create mode 100644 "\345\210\206\346\236\220\351\242\204\346\265\213\346\216\250\350\215\220/.venv/lib/python3.9/site-packages/setuptools/_distutils/command/bdist_rpm.py"
 create mode 100644 "\345\210\206\346\236\220\351\242\204\346\265\213\346\216\250\350\215\220/.venv/lib/python3.9/site-packages/setuptools/_distutils/command/bdist_wininst.py"
 create mode 100644 "\345\210\206\346\236\220\351\242\204\346\265\213\346\216\250\350\215\220/.venv/lib/python3.9/site-packages/setuptools/_distutils/command/build.py"
 create mode 100644 "\345\210\206\346\236\220\351\242\204\346\265\213\346\216\250\350\215\220/.venv/lib/python3.9/site-packages/setuptools/_distutils/command/build_clib.py"
 create mode 100644 "\345\210\206\346\236\220\351\242\204\346\265\213\346\216\250\350\215\220/.venv/lib/python3.9/site-packages/setuptools/_distutils/command/build_ext.py"
 create mode 100644 "\345\210\206\346\236\220\351\242\204\346\265\213\346\216\250\350\215\220/.venv/lib/python3.9/site-packages/setuptools/_distutils/command/build_py.py"
 create mode 100644 "\345\210\206\346\236\220\351\242\204\346\265\213\346\216\250\350\215\220/.venv/lib/python3.9/site-packages/setuptools/_distutils/command/build_scripts.py"
 create mode 100644 "\345\210\206\346\236\220\351\242\204\346\265\213\346\216\250\350\215\220/.venv/lib/python3.9/site-packages/setuptools/_distutils/command/check.py"
 create mode 100644 "\345\210\206\346\236\220\351\242\204\346\265\213\346\216\250\350\215\220/.venv/lib/python3.9/site-packages/setuptools/_distutils/command/clean.py"
 create mode 100644 "\345\210\206\346\236\220\351\242\204\346\265\213\346\216\250\350\215\220/.venv/lib/python3.9/site-packages/setuptools/_distutils/command/config.py"
 create mode 100644 "\345\210\206\346\236\220\351\242\204\346\265\213\346\216\250\350\215\220/.venv/lib/python3.9/site-packages/setuptools/_distutils/command/install.py"
 create mode 100644 "\345\210\206\346\236\220\351\242\204\346\265\213\346\216\250\350\215\220/.venv/lib/python3.9/site-packages/setuptools/_distutils/command/install_data.py"
 create mode 100644 "\345\210\206\346\236\220\351\242\204\346\265\213\346\216\250\350\215\220/.venv/lib/python3.9/site-packages/setuptools/_distutils/command/install_egg_info.py"
 create mode 100644 "\345\210\206\346\236\220\351\242\204\346\265\213\346\216\250\350\215\220/.venv/lib/python3.9/site-packages/setuptools/_distutils/command/install_headers.py"
 create mode 100644 "\345\210\206\346\236\220\351\242\204\346\265\213\346\216\250\350\215\220/.venv/lib/python3.9/site-packages/setuptools/_distutils/command/install_lib.py"
 create mode 100644 "\345\210\206\346\236\220\351\242\204\346\265\213\346\216\250\350\215\220/.venv/lib/python3.9/site-packages/setuptools/_distutils/command/install_scripts.py"
 create mode 100644 "\345\210\206\346\236\220\351\242\204\346\265\213\346\216\250\350\215\220/.venv/lib/python3.9/site-packages/setuptools/_distutils/command/py37compat.py"
 create mode 100644 "\345\210\206\346\236\220\351\242\204\346\265\213\346\216\250\350\215\220/.venv/lib/python3.9/site-packages/setuptools/_distutils/command/register.py"
 create mode 100644 "\345\210\206\346\236\220\351\242\204\346\265\213\346\216\250\350\215\220/.venv/lib/python3.9/site-packages/setuptools/_distutils/command/sdist.py"
 create mode 100644 "\345\210\206\346\236\220\351\242\204\346\265\213\346\216\250\350\215\220/.venv/lib/python3.9/site-packages/setuptools/_distutils/command/upload.py"
 create mode 100644 "\345\210\206\346\236\220\351\242\204\346\265\213\346\216\250\350\215\220/.venv/lib/python3.9/site-packages/setuptools/_distutils/config.py"
 create mode 100644 "\345\210\206\346\236\220\351\242\204\346\265\213\346\216\250\350\215\220/.venv/lib/python3.9/site-packages/setuptools/_distutils/core.py"
 create mode 100644 "\345\210\206\346\236\220\351\242\204\346\265\213\346\216\250\350\215\220/.venv/lib/python3.9/site-packages/setuptools/_distutils/cygwinccompiler.py"
 create mode 100644 "\345\210\206\346\236\220\351\242\204\346\265\213\346\216\250\350\215\220/.venv/lib/python3.9/site-packages/setuptools/_distutils/debug.py"
 create mode 100644 "\345\210\206\346\236\220\351\242\204\346\265\213\346\216\250\350\215\220/.venv/lib/python3.9/site-packages/setuptools/_distutils/dep_util.py"
 create mode 100644 "\345\210\206\346\236\220\351\242\204\346\265\213\346\216\250\350\215\220/.venv/lib/python3.9/site-packages/setuptools/_distutils/dir_util.py"
 create mode 100644 "\345\210\206\346\236\220\351\242\204\346\265\213\346\216\250\350\215\220/.venv/lib/python3.9/site-packages/setuptools/_distutils/dist.py"
 create mode 100644 "\345\210\206\346\236\220\351\242\204\346\265\213\346\216\250\350\215\220/.venv/lib/python3.9/site-packages/setuptools/_distutils/errors.py"
 create mode 100644 "\345\210\206\346\236\220\351\242\204\346\265\213\346\216\250\350\215\220/.venv/lib/python3.9/site-packages/setuptools/_distutils/extension.py"
 create mode 100644 "\345\210\206\346\236\220\351\242\204\346\265\213\346\216\250\350\215\220/.venv/lib/python3.9/site-packages/setuptools/_distutils/fancy_getopt.py"
 create mode 100644 "\345\210\206\346\236\220\351\242\204\346\265\213\346\216\250\350\215\220/.venv/lib/python3.9/site-packages/setuptools/_distutils/file_util.py"
 create mode 100644 "\345\210\206\346\236\220\351\242\204\346\265\213\346\216\250\350\215\220/.venv/lib/python3.9/site-packages/setuptools/_distutils/filelist.py"
 create mode 100644 "\345\210\206\346\236\220\351\242\204\346\265\213\346\216\250\350\215\220/.venv/lib/python3.9/site-packages/setuptools/_distutils/log.py"
 create mode 100644 "\345\210\206\346\236\220\351\242\204\346\265\213\346\216\250\350\215\220/.venv/lib/python3.9/site-packages/setuptools/_distutils/msvc9compiler.py"
 create mode 100644 "\345\210\206\346\236\220\351\242\204\346\265\213\346\216\250\350\215\220/.venv/lib/python3.9/site-packages/setuptools/_distutils/msvccompiler.py"
 create mode 100644 "\345\210\206\346\236\220\351\242\204\346\265\213\346\216\250\350\215\220/.venv/lib/python3.9/site-packages/setuptools/_distutils/py35compat.py"
 create mode 100644 "\345\210\206\346\236\220\351\242\204\346\265\213\346\216\250\350\215\220/.venv/lib/python3.9/site-packages/setuptools/_distutils/py38compat.py"
 create mode 100644 "\345\210\206\346\236\220\351\242\204\346\265\213\346\216\250\350\215\220/.venv/lib/python3.9/site-packages/setuptools/_distutils/spawn.py"
 create mode 100644 "\345\210\206\346\236\220\351\242\204\346\265\213\346\216\250\350\215\220/.venv/lib/python3.9/site-packages/setuptools/_distutils/sysconfig.py"
 create mode 100644 "\345\210\206\346\236\220\351\242\204\346\265\213\346\216\250\350\215\220/.venv/lib/python3.9/site-packages/setuptools/_distutils/text_file.py"
 create mode 100644 "\345\210\206\346\236\220\351\242\204\346\265\213\346\216\250\350\215\220/.venv/lib/python3.9/site-packages/setuptools/_distutils/unixccompiler.py"
 create mode 100644 "\345\210\206\346\236\220\351\242\204\346\265\213\346\216\250\350\215\220/.venv/lib/python3.9/site-packages/setuptools/_distutils/util.py"
 create mode 100644 "\345\210\206\346\236\220\351\242\204\346\265\213\346\216\250\350\215\220/.venv/lib/python3.9/site-packages/setuptools/_distutils/version.py"
 create mode 100644 "\345\210\206\346\236\220\351\242\204\346\265\213\346\216\250\350\215\220/.venv/lib/python3.9/site-packages/setuptools/_distutils/versionpredicate.py"
 create mode 100644 "\345\210\206\346\236\220\351\242\204\346\265\213\346\216\250\350\215\220/.venv/lib/python3.9/site-packages/setuptools/_imp.py"
 create mode 100644 "\345\210\206\346\236\220\351\242\204\346\265\213\346\216\250\350\215\220/.venv/lib/python3.9/site-packages/setuptools/_vendor/__init__.py"
 create mode 100644 "\345\210\206\346\236\220\351\242\204\346\265\213\346\216\250\350\215\220/.venv/lib/python3.9/site-packages/setuptools/_vendor/more_itertools/__init__.py"
 create mode 100644 "\345\210\206\346\236\220\351\242\204\346\265\213\346\216\250\350\215\220/.venv/lib/python3.9/site-packages/setuptools/_vendor/more_itertools/more.py"
 create mode 100644 "\345\210\206\346\236\220\351\242\204\346\265\213\346\216\250\350\215\220/.venv/lib/python3.9/site-packages/setuptools/_vendor/more_itertools/recipes.py"
 create mode 100644 "\345\210\206\346\236\220\351\242\204\346\265\213\346\216\250\350\215\220/.venv/lib/python3.9/site-packages/setuptools/_vendor/ordered_set.py"
 create mode 100644 "\345\210\206\346\236\220\351\242\204\346\265\213\346\216\250\350\215\220/.venv/lib/python3.9/site-packages/setuptools/_vendor/packaging/__about__.py"
 create mode 100644 "\345\210\206\346\236\220\351\242\204\346\265\213\346\216\250\350\215\220/.venv/lib/python3.9/site-packages/setuptools/_vendor/packaging/__init__.py"
 create mode 100644 "\345\210\206\346\236\220\351\242\204\346\265\213\346\216\250\350\215\220/.venv/lib/python3.9/site-packages/setuptools/_vendor/packaging/_compat.py"
 create mode 100644 "\345\210\206\346\236\220\351\242\204\346\265\213\346\216\250\350\215\220/.venv/lib/python3.9/site-packages/setuptools/_vendor/packaging/_structures.py"
 create mode 100644 "\345\210\206\346\236\220\351\242\204\346\265\213\346\216\250\350\215\220/.venv/lib/python3.9/site-packages/setuptools/_vendor/packaging/_typing.py"
 create mode 100644 "\345\210\206\346\236\220\351\242\204\346\265\213\346\216\250\350\215\220/.venv/lib/python3.9/site-packages/setuptools/_vendor/packaging/markers.py"
 create mode 100644 "\345\210\206\346\236\220\351\242\204\346\265\213\346\216\250\350\215\220/.venv/lib/python3.9/site-packages/setuptools/_vendor/packaging/requirements.py"
 create mode 100644 "\345\210\206\346\236\220\351\242\204\346\265\213\346\216\250\350\215\220/.venv/lib/python3.9/site-packages/setuptools/_vendor/packaging/specifiers.py"
 create mode 100644 "\345\210\206\346\236\220\351\242\204\346\265\213\346\216\250\350\215\220/.venv/lib/python3.9/site-packages/setuptools/_vendor/packaging/tags.py"
 create mode 100644 "\345\210\206\346\236\220\351\242\204\346\265\213\346\216\250\350\215\220/.venv/lib/python3.9/site-packages/setuptools/_vendor/packaging/utils.py"
 create mode 100644 "\345\210\206\346\236\220\351\242\204\346\265\213\346\216\250\350\215\220/.venv/lib/python3.9/site-packages/setuptools/_vendor/packaging/version.py"
 create mode 100644 "\345\210\206\346\236\220\351\242\204\346\265\213\346\216\250\350\215\220/.venv/lib/python3.9/site-packages/setuptools/_vendor/pyparsing.py"
 create mode 100644 "\345\210\206\346\236\220\351\242\204\346\265\213\346\216\250\350\215\220/.venv/lib/python3.9/site-packages/setuptools/archive_util.py"
 create mode 100644 "\345\210\206\346\236\220\351\242\204\346\265\213\346\216\250\350\215\220/.venv/lib/python3.9/site-packages/setuptools/build_meta.py"
 create mode 100644 "\345\210\206\346\236\220\351\242\204\346\265\213\346\216\250\350\215\220/.venv/lib/python3.9/site-packages/setuptools/cli-32.exe"
 create mode 100644 "\345\210\206\346\236\220\351\242\204\346\265\213\346\216\250\350\215\220/.venv/lib/python3.9/site-packages/setuptools/cli-64.exe"
 create mode 100644 "\345\210\206\346\236\220\351\242\204\346\265\213\346\216\250\350\215\220/.venv/lib/python3.9/site-packages/setuptools/cli.exe"
 create mode 100644 "\345\210\206\346\236\220\351\242\204\346\265\213\346\216\250\350\215\220/.venv/lib/python3.9/site-packages/setuptools/command/__init__.py"
 create mode 100644 "\345\210\206\346\236\220\351\242\204\346\265\213\346\216\250\350\215\220/.venv/lib/python3.9/site-packages/setuptools/command/alias.py"
 create mode 100644 "\345\210\206\346\236\220\351\242\204\346\265\213\346\216\250\350\215\220/.venv/lib/python3.9/site-packages/setuptools/command/bdist_egg.py"
 create mode 100644 "\345\210\206\346\236\220\351\242\204\346\265\213\346\216\250\350\215\220/.venv/lib/python3.9/site-packages/setuptools/command/bdist_rpm.py"
 create mode 100644 "\345\210\206\346\236\220\351\242\204\346\265\213\346\216\250\350\215\220/.venv/lib/python3.9/site-packages/setuptools/command/build_clib.py"
 create mode 100644 "\345\210\206\346\236\220\351\242\204\346\265\213\346\216\250\350\215\220/.venv/lib/python3.9/site-packages/setuptools/command/build_ext.py"
 create mode 100644 "\345\210\206\346\236\220\351\242\204\346\265\213\346\216\250\350\215\220/.venv/lib/python3.9/site-packages/setuptools/command/build_py.py"
 create mode 100644 "\345\210\206\346\236\220\351\242\204\346\265\213\346\216\250\350\215\220/.venv/lib/python3.9/site-packages/setuptools/command/develop.py"
 create mode 100644 "\345\210\206\346\236\220\351\242\204\346\265\213\346\216\250\350\215\220/.venv/lib/python3.9/site-packages/setuptools/command/dist_info.py"
 create mode 100644 "\345\210\206\346\236\220\351\242\204\346\265\213\346\216\250\350\215\220/.venv/lib/python3.9/site-packages/setuptools/command/easy_install.py"
 create mode 100644 "\345\210\206\346\236\220\351\242\204\346\265\213\346\216\250\350\215\220/.venv/lib/python3.9/site-packages/setuptools/command/egg_info.py"
 create mode 100644 "\345\210\206\346\236\220\351\242\204\346\265\213\346\216\250\350\215\220/.venv/lib/python3.9/site-packages/setuptools/command/install.py"
 create mode 100644 "\345\210\206\346\236\220\351\242\204\346\265\213\346\216\250\350\215\220/.venv/lib/python3.9/site-packages/setuptools/command/install_egg_info.py"
 create mode 100644 "\345\210\206\346\236\220\351\242\204\346\265\213\346\216\250\350\215\220/.venv/lib/python3.9/site-packages/setuptools/command/install_lib.py"
 create mode 100644 "\345\210\206\346\236\220\351\242\204\346\265\213\346\216\250\350\215\220/.venv/lib/python3.9/site-packages/setuptools/command/install_scripts.py"
 create mode 100644 "\345\210\206\346\236\220\351\242\204\346\265\213\346\216\250\350\215\220/.venv/lib/python3.9/site-packages/setuptools/command/launcher manifest.xml"
 create mode 100644 "\345\210\206\346\236\220\351\242\204\346\265\213\346\216\250\350\215\220/.venv/lib/python3.9/site-packages/setuptools/command/py36compat.py"
 create mode 100644 "\345\210\206\346\236\220\351\242\204\346\265\213\346\216\250\350\215\220/.venv/lib/python3.9/site-packages/setuptools/command/register.py"
 create mode 100644 "\345\210\206\346\236\220\351\242\204\346\265\213\346\216\250\350\215\220/.venv/lib/python3.9/site-packages/setuptools/command/rotate.py"
 create mode 100644 "\345\210\206\346\236\220\351\242\204\346\265\213\346\216\250\350\215\220/.venv/lib/python3.9/site-packages/setuptools/command/saveopts.py"
 create mode 100644 "\345\210\206\346\236\220\351\242\204\346\265\213\346\216\250\350\215\220/.venv/lib/python3.9/site-packages/setuptools/command/sdist.py"
 create mode 100644 "\345\210\206\346\236\220\351\242\204\346\265\213\346\216\250\350\215\220/.venv/lib/python3.9/site-packages/setuptools/command/setopt.py"
 create mode 100644 "\345\210\206\346\236\220\351\242\204\346\265\213\346\216\250\350\215\220/.venv/lib/python3.9/site-packages/setuptools/command/test.py"
 create mode 100644 "\345\210\206\346\236\220\351\242\204\346\265\213\346\216\250\350\215\220/.venv/lib/python3.9/site-packages/setuptools/command/upload.py"
 create mode 100644 "\345\210\206\346\236\220\351\242\204\346\265\213\346\216\250\350\215\220/.venv/lib/python3.9/site-packages/setuptools/command/upload_docs.py"
 create mode 100644 "\345\210\206\346\236\220\351\242\204\346\265\213\346\216\250\350\215\220/.venv/lib/python3.9/site-packages/setuptools/config.py"
 create mode 100644 "\345\210\206\346\236\220\351\242\204\346\265\213\346\216\250\350\215\220/.venv/lib/python3.9/site-packages/setuptools/dep_util.py"
 create mode 100644 "\345\210\206\346\236\220\351\242\204\346\265\213\346\216\250\350\215\220/.venv/lib/python3.9/site-packages/setuptools/depends.py"
 create mode 100644 "\345\210\206\346\236\220\351\242\204\346\265\213\346\216\250\350\215\220/.venv/lib/python3.9/site-packages/setuptools/dist.py"
 create mode 100644 "\345\210\206\346\236\220\351\242\204\346\265\213\346\216\250\350\215\220/.venv/lib/python3.9/site-packages/setuptools/errors.py"
 create mode 100644 "\345\210\206\346\236\220\351\242\204\346\265\213\346\216\250\350\215\220/.venv/lib/python3.9/site-packages/setuptools/extension.py"
 create mode 100644 "\345\210\206\346\236\220\351\242\204\346\265\213\346\216\250\350\215\220/.venv/lib/python3.9/site-packages/setuptools/extern/__init__.py"
 create mode 100644 "\345\210\206\346\236\220\351\242\204\346\265\213\346\216\250\350\215\220/.venv/lib/python3.9/site-packages/setuptools/glob.py"
 create mode 100644 "\345\210\206\346\236\220\351\242\204\346\265\213\346\216\250\350\215\220/.venv/lib/python3.9/site-packages/setuptools/gui-32.exe"
 create mode 100644 "\345\210\206\346\236\220\351\242\204\346\265\213\346\216\250\350\215\220/.venv/lib/python3.9/site-packages/setuptools/gui-64.exe"
 create mode 100644 "\345\210\206\346\236\220\351\242\204\346\265\213\346\216\250\350\215\220/.venv/lib/python3.9/site-packages/setuptools/gui.exe"
 create mode 100644 "\345\210\206\346\236\220\351\242\204\346\265\213\346\216\250\350\215\220/.venv/lib/python3.9/site-packages/setuptools/installer.py"
 create mode 100644 "\345\210\206\346\236\220\351\242\204\346\265\213\346\216\250\350\215\220/.venv/lib/python3.9/site-packages/setuptools/launch.py"
 create mode 100644 "\345\210\206\346\236\220\351\242\204\346\265\213\346\216\250\350\215\220/.venv/lib/python3.9/site-packages/setuptools/monkey.py"
 create mode 100644 "\345\210\206\346\236\220\351\242\204\346\265\213\346\216\250\350\215\220/.venv/lib/python3.9/site-packages/setuptools/msvc.py"
 create mode 100644 "\345\210\206\346\236\220\351\242\204\346\265\213\346\216\250\350\215\220/.venv/lib/python3.9/site-packages/setuptools/namespaces.py"
 create mode 100644 "\345\210\206\346\236\220\351\242\204\346\265\213\346\216\250\350\215\220/.venv/lib/python3.9/site-packages/setuptools/package_index.py"
 create mode 100644 "\345\210\206\346\236\220\351\242\204\346\265\213\346\216\250\350\215\220/.venv/lib/python3.9/site-packages/setuptools/py34compat.py"
 create mode 100644 "\345\210\206\346\236\220\351\242\204\346\265\213\346\216\250\350\215\220/.venv/lib/python3.9/site-packages/setuptools/sandbox.py"
 create mode 100644 "\345\210\206\346\236\220\351\242\204\346\265\213\346\216\250\350\215\220/.venv/lib/python3.9/site-packages/setuptools/script (dev).tmpl"
 create mode 100644 "\345\210\206\346\236\220\351\242\204\346\265\213\346\216\250\350\215\220/.venv/lib/python3.9/site-packages/setuptools/script.tmpl"
 create mode 100644 "\345\210\206\346\236\220\351\242\204\346\265\213\346\216\250\350\215\220/.venv/lib/python3.9/site-packages/setuptools/unicode_utils.py"
 create mode 100644 "\345\210\206\346\236\220\351\242\204\346\265\213\346\216\250\350\215\220/.venv/lib/python3.9/site-packages/setuptools/version.py"
 create mode 100644 "\345\210\206\346\236\220\351\242\204\346\265\213\346\216\250\350\215\220/.venv/lib/python3.9/site-packages/setuptools/wheel.py"
 create mode 100644 "\345\210\206\346\236\220\351\242\204\346\265\213\346\216\250\350\215\220/.venv/lib/python3.9/site-packages/setuptools/windows_support.py"
 create mode 100644 "\345\210\206\346\236\220\351\242\204\346\265\213\346\216\250\350\215\220/.venv/pyvenv.cfg"
 create mode 100644 "\345\210\206\346\236\220\351\242\204\346\265\213\346\216\250\350\215\220/2026\345\271\26450\345\262\201\344\273\245\345\206\205\347\224\237\350\202\226\345\257\271\345\272\224\350\241\250.xlsx"
 create mode 100644 "\345\210\206\346\236\220\351\242\204\346\265\213\346\216\250\350\215\220/anti_crawler.py"
 create mode 100644 "\345\210\206\346\236\220\351\242\204\346\265\213\346\216\250\350\215\220/data_sources.py"
 create mode 100644 "\345\210\206\346\236\220\351\242\204\346\265\213\346\216\250\350\215\220/event_driven_accuracy.py"
 create mode 100644 "\345\210\206\346\236\220\351\242\204\346\265\213\346\216\250\350\215\220/init_sqlite.py"
 create mode 100644 "\345\210\206\346\236\220\351\242\204\346\265\213\346\216\250\350\215\220/integration_test.py"
 create mode 100644 "\345\210\206\346\236\220\351\242\204\346\265\213\346\216\250\350\215\220/lottery.db"
 create mode 100644 "\345\210\206\346\236\220\351\242\204\346\265\213\346\216\250\350\215\220/multi_source_verifier.py"
 create mode 100644 "\345\210\206\346\236\220\351\242\204\346\265\213\346\216\250\350\215\220/optimized_system.py"
 create mode 100644 "\345\210\206\346\236\220\351\242\204\346\265\213\346\216\250\350\215\220/prometheus_metrics.py"
 create mode 100644 "\345\210\206\346\236\220\351\242\204\346\265\213\346\216\250\350\215\220/report_generator.py"
 create mode 100644 "\345\210\206\346\236\220\351\242\204\346\265\213\346\216\250\350\215\220/requirements_optimized.txt"
 create mode 100644 "\345\210\206\346\236\220\351\242\204\346\265\213\346\216\250\350\215\220/schema_audit.sql"
 create mode 100644 "\345\210\206\346\236\220\351\242\204\346\265\213\346\216\250\350\215\220/smart_crawler.py"
 create mode 100644 "\345\210\206\346\236\220\351\242\204\346\265\213\346\216\250\350\215\220/start_production.py"
 create mode 100644 "\345\210\206\346\236\220\351\242\204\346\265\213\346\216\250\350\215\220/start_realtime_report.py"
 create mode 100644 "\345\210\206\346\236\220\351\242\204\346\265\213\346\216\250\350\215\220/test_anti_crawler.py"
 create mode 100644 "\345\210\206\346\236\220\351\242\204\346\265\213\346\216\250\350\215\220/test_system.py"
 create mode 100644 "\345\210\206\346\236\220\351\242\204\346\265\213\346\216\250\350\215\220/time_weighted_analyzer.py"
 create mode 100644 "\345\210\206\346\236\220\351\242\204\346\265\213\346\216\250\350\215\220/\346\225\260\346\215\256\345\210\206\346\236\220\344\270\216\351\242\204\346\265\213\345\271\263\345\217\260\345\256\214\346\225\264\346\212\200\346\234\257\346\226\271\346\241\210.docx"
 create mode 100644 "\345\210\206\346\236\220\351\242\204\346\265\213\346\216\250\350\215\220/\347\273\237\350\256\241\345\210\206\346\236\220\351\242\204\346\265\213\346\212\245\345\221\212.xlsx"
To github.com:SCrsqy/trae-cn-full-sync.git
   5c8385c..1444ec7  main -> main
[2026-06-12 13:30:02] Sync successful

[2026-06-13 16:09:38] Starting git sync...
